Cadence Genus(TM) Synthesis Solution.
Copyright 2022 Cadence Design Systems, Inc. All rights reserved worldwide.
Cadence and the Cadence logo are registered trademarks and Genus is a trademark
of Cadence Design Systems, Inc. in the United States and other countries.

[16:24:51.019865] Configured Lic search path (21.01-s002): 5280@ip-10-70-133-150.il-central-1.compute.internal

Version: 21.15-s080_1, built Fri Sep 23 05:57:55 PDT 2022
Options: 
Date:    Tue Sep 02 16:24:51 2025
Host:    ip-10-70-173-86.il-central-1.compute.internal (x86_64 w/Linux 4.14.355-275.570.amzn2.x86_64) (1core*2cpus*1physical cpu*Intel(R) Xeon(R) Platinum 8375C CPU @ 2.90GHz 55296KB) (8009452KB)
PID:     16477
OS:      CentOS Linux release 7.9.2009 (Core)

*** Stack limited to 512 MB. This run may fail due to lack of stack space. ***


[16:24:51.293146] Periodic Lic check successful
[16:24:51.293160] Feature usage summary:
[16:24:51.293160] Genus_Synthesis
Checking out license: Genus_Synthesis


***********************************************************************************************************
***********************************************************************************************************



Loading tool scripts...
Finished loading tool scripts (10 seconds elapsed).

WARNING: This version of the tool is 1075 days old.
@genus:root: 1> set design(TOPLEVEL) "aes_128"
aes_128
@genus:root: 2> set debug_file "debug.txt"
debug.txt
@genus:root: 3> set runtype "synthesis"
synthesis
@genus:root: 4> set combinational 1
1
@genus:root: 5> 
@genus:root: 5> # Variables
@genus:root: 6> set mmmc_or_simple "simple"; # "simple" - using "read_libs"
simple
@genus:root: 7> # "mmmc"   - using "read_mmmc"
@genus:root: 8> set phys_synth_type "lef";   # "none"   - don't read any physical data
lef
@genus:root: 9> # "lef"    - only read lef and qrctech files
@genus:root: 10> # "floorplan"    - read in a def of the floorplan
@genus:root: 11> 
@genus:root: 11> 
@genus:root: 11> # Load general procedures
@genus:root: 12> source ../scripts/procedures.tcl -quiet
File '../scripts/procedures.tcl' does not exist.
@genus:root: 13> enics_start_stage "start"
invalid command name "enics_start_stage"
@genus:root: 14> 
@genus:root: 14> 
@genus:root: 14> # Load the specific definitions for this project
@genus:root: 15> source ../inputs/$design(TOPLEVEL).defines -quiet
File '../inputs/aes_128.defines' does not exist.
@genus:root: 16> 
@genus:root: 16> # Load the library paths and definitions for this technology
@genus:root: 17> source ../inputs/libraries.$TECHNOLOGY.tcl -quiet
can't read "TECHNOLOGY": no such variable
@genus:root: 18> source ../inputs/libraries.$SC_TECHNOLOGY.tcl -quiet
can't read "SC_TECHNOLOGY": no such variable
@genus:root: 19> source ../inputs/libraries.$SRAM_TECHNOLOGY.tcl -quiet
can't read "SRAM_TECHNOLOGY": no such variable
@genus:root: 20> if {$design(FULLCHIP_OR_MACRO)=="FULLCHIP"} {
    source ../inputs/libraries.$IO_TECHNOLOGY.tcl -quiet
}
can't read "design(FULLCHIP_OR_MACRO)": no such element in array
@genus:root: 21> 
@genus:root: 21> 
@genus:root: 21> #############################################
@genus:root: 22> #       Print values to debug file
@genus:root: 23> #############################################
@genus:root: 24> set df [open $debug_file a]
file35
@genus:root: 25> puts $df "\n******************************************"
@genus:root: 26> puts $df "* Debug values after everything was loaded *"
@genus:root: 27> puts $df "******************************************"
@genus:root: 28> foreach dic {paths tech tech_files design} {
    foreach key [array names $dic] {
        puts $df "${dic}(${key}) = \t[set ${dic}([set key])]"
    }
}
@genus:root: 29> 
@genus:root: 29> close $df
@genus:root: 30> 
@genus:root: 30> 
@genus:root: 30> ##########################
@genus:root: 31> # General Genus Settings
@genus:root: 32> ##########################
@genus:root: 33> set_db source_verbose true ; # Sourcing files will be reported as verbose
  Setting attribute of root '/': 'source_verbose' = true
1 true
@genus:root: 34> set_db information_level 9 ; # The log file will report everything
  Setting attribute of root '/': 'information_level' = 9
1 9
@genus:root: 35> suppress_messages "PHYS-90"
  Setting attribute of message 'PHYS-90': 'max_print' = 0
@genus:root: 36> 
@genus:root: 36> ##########################
@genus:root: 37> # Read Libraries
@genus:root: 38> ##########################
@genus:root: 39> enics_start_stage "init_design"
invalid command name "enics_start_stage"
@genus:root: 40> 
@genus:root: 40> if {$mmmc_or_simple=="mmmc"} {
    read_mmmc $design(mmmc_view_file)
} else {
    set_db init_lib_search_path $paths(LIB_paths) 
    suppress_messages $tech(SC_LIB_SUPPRESS_MESSAGES_GENUS)
    read_libs $tech_files(ALL_WC_LIBS)
}
can't read "paths(LIB_paths)": no such variable
@genus:root: 41> # Get rid of recurring unusable library cells messages, after debugging it once...
@genus:root: 42> suppress_messages "LBR-415"
  Setting attribute of message 'LBR-415': 'max_print' = 0
@genus:root: 43> 
@genus:root: 43> ############################
@genus:root: 44> # Physical Synthesis Setup
@genus:root: 45> ############################
@genus:root: 46> if {$phys_synth_type == "none"} {
   enics_message "Physical Synthesis is disabled"
   read_qrc $tech_files(QRCTECH_FILE_WC)
} else {
    suppress_messages $tech(SC_LEF_SUPPRESS_MESSAGES_GENUS)
    read_physical -lef $tech_files(ALL_LEFS)
    if {$phys_synth_type == "floorplan"} { 
        # You need to read a .def file for the floorplan to enable physical synthesis 
        read_def $design(floorplan_def)
    }
}
can't read "tech(SC_LEF_SUPPRESS_MESSAGES_GENUS)": no such variable
@genus:root: 47> 
@genus:root: 47> ##########################
@genus:root: 48> # Read RTL
@genus:root: 49> ##########################
@genus:root: 50> enics_start_stage "read_rtl"
invalid command name "enics_start_stage"
@genus:root: 51> 
@genus:root: 51> set_db init_hdl_search_path $design(hdl_search_paths)
can't read "design(hdl_search_paths)": no such element in array
@genus:root: 52> set_db hdl_language v2001 -quiet
1 v2001
@genus:root: 53> 
@genus:root: 53> # Stop reporting elaboration of multi-dimensional arrays
@genus:root: 54> suppress_messages "CDFG-250"
  Setting attribute of message 'CDFG-250': 'max_print' = 0
@genus:root: 55> # Stop reporting implementation inference (chipWare)
@genus:root: 56> suppress_messages "CWD-19 CWD-36"
  Setting attribute of message 'CWD-19': 'max_print' = 0
  Setting attribute of message 'CWD-36': 'max_print' = 0
@genus:root: 57> # Stop reporting Replaced logic with a constant value
@genus:root: 58> suppress_messages "CDFG-771"
  Setting attribute of message 'CDFG-771': 'max_print' = 0
@genus:root: 59> read_hdl -language sv -f $design(read_hdl_list)
can't read "design(read_hdl_list)": no such element in array
@genus:root: 60> 
@genus:root: 60> ##########################
@genus:root: 61> # Elaborate
@genus:root: 62> ##########################
@genus:root: 63> enics_start_stage "elaborate"
invalid command name "enics_start_stage"
@genus:root: 64> 
@genus:root: 64> set_db hdl_track_filename_row_col true -quiet; # helps with debug
Info   : Enabled hdl_track_filename_row_col attribute.
       : Setting this attribute to 'true' can have an impact on the run time. Use this attribute only when filename, line number, and column information are needed in reports.
1 true
@genus:root: 65> set_db lp_insert_clock_gating true
  Setting attribute of root '/': 'lp_insert_clock_gating' = true
1 true
@genus:root: 66> 
@genus:root: 66> elaborate $design(TOPLEVEL) ;#-update
Error   : Failed to execute command. [LBR-163] [elaborate]
        : No target technology library was loaded.
        : Specify libraries using read_libs or read_mmmc.
UM:   flow.cputime  flow.realtime  timing.setup.tns  timing.setup.wns  snapshot
UM:*                                                                   elaborate
1
@genus:root: 67> 
@genus:root: 67> enics_start_stage "post_elaboration"
invalid command name "enics_start_stage"
@genus:root: 68> 
@genus:root: 68> check_design -unresolved
Error   : No designs are available. A design must first be read in and elaborated. [TUI-10] [check_design]
        : There is no design here.
        : A design must first be read in with 'read_hdl' command and elaborated with 'elaborate' command.
Failed on check_design
@genus:root: 69> check_design -all > $design(synthesis_reports)/post_elaboration/check_design_post_elab.rpt
can't read "design(synthesis_reports)": no such element in array
@genus:root: 70> if {[check_design -status]} {
    Puts "ENICSINFO: ############# There is an issue with check_design. You better look at it! ###########"
}
Error   : No designs are available. A design must first be read in and elaborated. [TUI-10] [check_design]
        : There is no design here.
Failed on check_design
@genus:root: 71> #save elaborated design
@genus:root: 72> write_design -base_name $design(export_dir)/post_elaboartion/$design(TOPLEVEL)
can't read "design(export_dir)": no such element in array
@genus:root: 73> 
@genus:root: 73> # Read in a floorplan for physical synthesis
@genus:root: 74> # read_def $design(floorplan_def)
@genus:root: 75> 
@genus:root: 75> ##########################
@genus:root: 76> # read constraints
@genus:root: 77> ##########################
@genus:root: 78> set_db detailed_sdc_messages true ; # helps read_sdc debug
  Setting attribute of root '/': 'detailed_sdc_messages' = true
1 true
@genus:root: 79> read_sdc $design(functional_sdc) -stop_on_errors
can't read "design(functional_sdc)": no such element in array
@genus:root: 80> check_timing_intent
Error   : No designs are available. A design must first be read in and elaborated. [TUI-10] [check_timing_intent]
        : No elaborated designs in memory
Nothing to report
1
@genus:root: 81> check_timing_intent -verbose > $design(synthesis_reports)/post_elaboration/check_timing_post_elab.rpt
can't read "design(synthesis_reports)": no such element in array
@genus:root: 82> 
@genus:root: 82> ###################################################################################
@genus:root: 83> ## Define cost groups (reg2reg, in2reg, reg2out, in2out)
@genus:root: 84> ###################################################################################
@genus:root: 85> if $combinational {
    combinational_default_cost_groups
} else {
    enics_default_cost_groups
}
invalid command name "combinational_default_cost_groups"
@genus:root: 86> enics_report_timing $design(synthesis_reports)
can't read "design(synthesis_reports)": no such element in array
@genus:root: 87> 
@genus:root: 87> 
@genus:root: 87> 
@genus:root: 87> ################################
@genus:root: 88> # clock gating settings
@genus:root: 89> ################################
@genus:root: 90> set_db [get_db design:$design(TOPLEVEL)] .lp_clock_gating_min_flops 8
Error   : <Start> word is not recognized. [TUI-182] [get_db]
        : 'design:aes_128' is not a recognized object/attribute. Type 'help root:' to get a list of all supported objects and attributes.
        : Check if the given <Start> word is a valid object_type, object or attribute.
1
@genus:root: 91> set_db [get_db design:$design(TOPLEVEL)] .lp_clock_gating_style latch
Error   : <Start> word is not recognized. [TUI-182] [get_db]
        : 'design:aes_128' is not a recognized object/attribute. Type 'help root:' to get a list of all supported objects and attributes.
1
@genus:root: 92> 
@genus:root: 92> ##########################
@genus:root: 93> #     Synthesize
@genus:root: 94> ##########################
@genus:root: 95> enics_start_stage "synthesis"
invalid command name "enics_start_stage"
@genus:root: 96> 
@genus:root: 96> # Set Synthesis Efforts
@genus:root: 97> set_db syn_generic_effort low
  Setting attribute of root '/': 'syn_generic_effort' = low
1 low
@genus:root: 98> set_db syn_map_effort low
  Setting attribute of root '/': 'syn_map_effort' = low
1 low
@genus:root: 99> set_db syn_opt_effort low
  Setting attribute of root '/': 'syn_opt_effort' = low
1 low
@genus:root: 100> suppress_messages "ST-110 ST-112"
  Setting attribute of message 'ST-110': 'max_print' = 0
  Setting attribute of message 'ST-112': 'max_print' = 0
@genus:root: 101> 
@genus:root: 101> # # Don't use standard cell
@genus:root: 102> # set_db "MXT2_X4M_A9TR" .avoid true
@genus:root: 103> 
@genus:root: 103> if {$phys_synth_type == "floorplan"} {
    # Synthesize to generics and place generics in floorplan
    enics_start_stage "syn_generic"
    syn_generic -physical
    # Map to technology
    enics_start_stage "technology_mapping"
    syn_map -physical
    enics_report_timing $design(synthesis_reports) 
    # Post synthesis optimization
    enics_start_stage "post_syn_opt"
    syn_opt -physical
} else {
    # Synthesize to generics (non physical-aware)
    enics_start_stage "syn_generic"
    syn_generic 
    # Map to technology (non physical-aware)
    enics_start_stage "technology_mapping"
    syn_map 
    enics_report_timing $design(synthesis_reports)
    enics_start_stage "post_syn_opt"
    if {$phys_synth_type == "lef"} {
        syn_opt ;#-physical
    } else {
        syn_opt 
    }
}
invalid command name "enics_start_stage"
@genus:root: 104> 
@genus:root: 104> 
@genus:root: 104> 
@genus:root: 104> #############################
@genus:root: 105> #     Post Synthesis Reports
@genus:root: 106> #############################
@genus:root: 107> enics_report_timing $design(synthesis_reports)
can't read "design(synthesis_reports)": no such element in array
@genus:root: 108> set post_synth_reports [list \
    report_area \
    report_gates \
    report_hierarchy \
    report_clock_gating \
    report_design_rules \
    report_dp \
    report_qor \
]
report_area report_gates report_hierarchy report_clock_gating report_design_rules report_dp report_qor
@genus:root: 109> foreach rpt $post_synth_reports {
    enics_message "$rpt" medium
    $rpt
    $rpt > "$design(synthesis_reports)/post_opt/${rpt}.rpt"
}
invalid command name "enics_message"
@genus:root: 110> 
@genus:root: 110> #############################
@genus:root: 111> #   Exporting the Design
@genus:root: 112> #############################
@genus:root: 113> enics_start_stage "export_design"
invalid command name "enics_start_stage"
@genus:root: 114> write_db $design(TOPLEVEL) -to_file "$design(export_dir)/post_synth/$design(TOPLEVEL).db"
can't read "design(export_dir)": no such element in array
@genus:root: 115> write_design -base_name "$design(export_dir)/post_synth/$design(TOPLEVEL)" -innovus
can't read "design(export_dir)": no such element in array
@genus:root: 116> write_hdl > $design(postsyn_netlist)
can't read "design(postsyn_netlist)": no such element in array
@genus:root: 117> write_sdf -ideal_clock_network > "$design(export_dir)/post_synth/$design(TOPLEVEL).sdf"
can't read "design(export_dir)": no such element in array
@genus:root: 118> write_sdc > "$design(export_dir)/post_synth/$design(TOPLEVEL).sdc"
can't read "design(export_dir)": no such element in array
@genus:root: 119> write_design -innovus -db -base_name "$design(export_dir)/pwr/genus/$design(TOPLEVEL)"
can't read "design(export_dir)": no such element in array
@genus:root: 120> # Combinational AES (no clk)
@genus:root: 121> xrun -64bit -sv -timescale 1ns/1ps \
  +define+GATE_LEVEL +define+BACKANNOTATION \
  outputs/exports/post_synth/aes_128_gate.v tb_glv_aes.sv \
  +SETTLE=120 -l glv_xcelium.log
@genus:root: 122> 
@genus:root: 122> # Sequential AES (has clk/start/done), 100MHz
@genus:root: 123> xrun -64bit -sv -timescale 1ns/1ps \
  +define+GATE_LEVEL +define+BACKANNOTATION +define+HAS_CLK \
  outputs/exports/post_synth/aes_128_gate.v tb_glv_aes.sv \
  +CLKPERIOD_NS=10.0 -l glv_xcelium.log
@genus:root: 124> exit

Lic Summary:
[16:54:51.255920] Cdslmd servers: ip-10-70-133-150
[16:54:51.255929] Feature usage summary:
[16:54:51.255929] Genus_Synthesis

Normal exit.