============================================================
  Generated by:           Genus(TM) Synthesis Solution 21.15-s080_1
  Generated on:           Sep 04 2025  08:48:53 am
  Module:                 aes_128
  Operating conditions:   ss_typical_max_0p90v_125c 
  Interconnect mode:      global
  Area mode:              physical library
============================================================

   Instance       Module    Cell Count  Cell Area   Net Area   Total Area 
--------------------------------------------------------------------------
aes_128                         136758 512378.640 216585.340   728963.980 
  ke_ks0_sw_s0 sbox                627   2235.600    990.495     3226.095 
  ke_ks0_sw_s1 sbox_1995           646   2396.520   1009.401     3405.921 
  ke_ks0_sw_s2 sbox_1994           641   2406.240   1008.331     3414.571 
  ke_ks0_sw_s3 sbox_1993           634   2276.280    994.923     3271.203 
  ke_ks1_sw_s0 sbox_1992           686   2676.960   1044.428     3721.388 
  ke_ks1_sw_s1 sbox_1991           676   2658.960   1029.526     3688.486 
  ke_ks1_sw_s2 sbox_1990           693   2717.280   1046.965     3764.245 
  ke_ks1_sw_s3 sbox_1989           707   2910.600   1065.747     3976.347 
  ke_ks2_sw_s0 sbox_1988           684   2829.960   1033.979     3863.939 
  ke_ks2_sw_s1 sbox_1987           669   2541.240   1012.809     3554.049 
  ke_ks2_sw_s2 sbox_1986           683   2609.640   1029.701     3639.341 
  ke_ks2_sw_s3 sbox_1985           686   2590.920   1039.701     3630.621 
  ke_ks3_sw_s0 sbox_1984           655   2244.240   1002.062     3246.302 
  ke_ks3_sw_s1 sbox_1983           646   2506.680    992.858     3499.538 
  ke_ks3_sw_s2 sbox_1982           645   2408.400    988.107     3396.507 
  ke_ks3_sw_s3 sbox_1981           703   2753.640   1050.522     3804.162 
  ke_ks4_sw_s0 sbox_1980           662   2410.200   1006.490     3416.690 
  ke_ks4_sw_s1 sbox_1979           623   2018.160    966.290     2984.450 
  ke_ks4_sw_s2 sbox_1978           628   2163.600    968.305     3131.905 
  ke_ks4_sw_s3 sbox_1977           630   2172.600    974.499     3147.099 
  ke_ks5_sw_s0 sbox_1976           620   2106.000    962.434     3068.434 
  ke_ks5_sw_s1 sbox_1975           613   1964.160    955.170     2919.330 
  ke_ks5_sw_s2 sbox_1974           628   1969.560    971.613     2941.173 
  ke_ks5_sw_s3 sbox_1973           615   2011.320    955.692     2967.012 
  ke_ks6_sw_s0 sbox_1972           594   1939.680    936.736     2876.416 
  ke_ks6_sw_s1 sbox_1971           617   2094.480    959.996     3054.476 
  ke_ks6_sw_s2 sbox_1970           603   1945.440    944.522     2889.962 
  ke_ks6_sw_s3 sbox_1969           617   2014.920    963.777     2978.697 
  ke_ks7_sw_s0 sbox_1968           622   2121.840    967.683     3089.523 
  ke_ks7_sw_s1 sbox_1967           618   1957.320    959.548     2916.868 
  ke_ks7_sw_s2 sbox_1966           611   1999.440    955.593     2955.033 
  ke_ks7_sw_s3 sbox_1965           614   2040.840    958.030     2998.870 
  ke_ks8_sw_s0 sbox_1964           616   1983.960    959.498     2943.458 
  ke_ks8_sw_s1 sbox_1963           631   2041.560    976.887     3018.447 
  ke_ks8_sw_s2 sbox_1962           633   1998.720    975.992     2974.712 
  ke_ks8_sw_s3 sbox_1961           637   2001.240    980.345     2981.585 
  ke_ks9_sw_s0 sbox_1960           620   2011.320    961.961     2973.281 
  ke_ks9_sw_s1 sbox_1959           619   2060.280    967.608     3027.888 
  ke_ks9_sw_s2 sbox_1958           626   1809.000    972.981     2781.981 
  ke_ks9_sw_s3 sbox_1957           622   1971.720    966.265     2937.985 
  mc0_mw0_t30  times_3              18    108.720     12.538      121.258 
    t2         times_2               4     28.440      1.916       30.356 
  mc0_mw0_t31  times_3_978          16     99.000      9.652      108.652 
    t2         times_2_831           4     28.800      1.916       30.716 
  mc0_mw0_t32  times_3_977          17    103.680     11.095      114.775 
    t2         times_2_830           4     27.360      1.443       28.803 
  mc0_mw0_t33  times_3_976          20     95.400     13.533      108.933 
    t2         times_2_829           5     24.120      1.940       26.060 
  mc0_mw1_t30  times_3_975          18    100.800     11.593      112.393 
    t2         times_2_824           4     28.440      1.916       30.356 
  mc0_mw1_t31  times_3_974          21    114.480     15.921      130.401 
    t2         times_2_823           6     36.000      4.801       40.801 
  mc0_mw1_t32  times_3_973          17     98.280     11.568      109.848 
    t2         times_2_822           4     27.360      1.916       29.276 
  mc0_mw1_t33  times_3_972          16     91.440      9.652      101.092 
    t2         times_2_821           4     27.000      1.916       28.916 
  mc0_mw2_t30  times_3_971          18    104.040     11.593      115.633 
    t2         times_2_816           4     28.440      1.916       30.356 
  mc0_mw2_t31  times_3_970          19    111.240     13.035      124.275 
    t2         times_2_815           4     30.960      1.916       32.876 
  mc0_mw2_t32  times_3_969          18    106.560     12.065      118.625 
    t2         times_2_814           5     30.960      2.413       33.373 
  mc0_mw2_t33  times_3_968          17    102.240     10.622      112.862 
    t2         times_2_813           4     25.920      1.916       27.836 
  mc0_mw3_t30  times_3_967          17     95.400     10.622      106.022 
    t2         times_2_808           4     25.920      1.916       27.836 
  mc0_mw3_t31  times_3_966          17     95.760     10.622      106.382 
    t2         times_2_807           4     28.440      1.916       30.356 
  mc0_mw3_t32  times_3_965          17    101.880     10.622      112.502 
    t2         times_2_806           4     28.440      1.916       30.356 
  mc0_mw3_t33  times_3_964          18    101.880     11.120      113.000 
    t2         times_2_805           5     27.360      2.413       29.773 
  mc1_mw0_t30  times_3_963          18    106.920     11.593      118.513 
    t2         times_2_800           4     30.960      1.916       32.876 
  mc1_mw0_t31  times_3_962          17    102.600     10.622      113.222 
    t2         times_2_799           4     33.480      1.916       35.396 
  mc1_mw0_t32  times_3_961          19    105.120     13.508      118.628 
    t2         times_2_798           4     30.960      1.916       32.876 
  mc1_mw0_t33  times_3_960          19    110.520     12.090      122.610 
    t2         times_2_797           4     36.000      1.916       37.916 
  mc1_mw1_t30  times_3_959          18    105.120     11.593      116.713 
    t2         times_2_792           4     27.360      1.916       29.276 
  mc1_mw1_t31  times_3_958          18    101.520     11.593      113.113 
    t2         times_2_791           4     27.000      1.916       28.916 
  mc1_mw1_t32  times_3_957          18    111.960     12.538      124.498 
    t2         times_2_790           4     29.880      1.916       31.796 
  mc1_mw1_t33  times_3_956          20    109.800     14.006      123.806 
    t2         times_2_789           5     29.520      2.413       31.933 
  mc1_mw2_t30  times_3_955          19    110.520     12.090      122.610 
    t2         times_2_784           4     32.040      1.916       33.956 
  mc1_mw2_t31  times_3_954          17     98.280     10.622      108.902 
    t2         times_2_783           4     27.000      1.916       28.916 
  mc1_mw2_t32  times_3_953          17    101.520     11.568      113.088 
    t2         times_2_782           4     25.920      1.916       27.836 
  mc1_mw2_t33  times_3_952          20    115.560     13.533      129.093 
    t2         times_2_781           4     32.760      1.443       34.203 
  mc1_mw3_t30  times_3_951          18    100.440     11.593      112.033 
    t2         times_2_776           4     28.440      1.916       30.356 
  mc1_mw3_t31  times_3_950          18    104.040     12.065      116.105 
    t2         times_2_775           4     28.440      1.916       30.356 
  mc1_mw3_t32  times_3_949          20    111.600     14.006      125.606 
    t2         times_2_774           5     28.440      2.413       30.853 
  mc1_mw3_t33  times_3_948          20    107.280     14.006      121.286 
    t2         times_2_773           5     27.360      2.413       29.773 
  mc2_mw0_t30  times_3_947          19    109.440     12.090      121.530 
    t2         times_2_768           5     30.240      2.413       32.653 
  mc2_mw0_t31  times_3_946          19    105.480     12.563      118.043 
    t2         times_2_767           5     29.880      2.413       32.293 
  mc2_mw0_t32  times_3_945          16     96.840     10.125      106.965 
    t2         times_2_766           4     25.920      1.916       27.836 
  mc2_mw0_t33  times_3_944          17    102.240     10.622      112.862 
    t2         times_2_765           4     29.520      1.916       31.436 
  mc2_mw1_t30  times_3_943          21    103.680     14.503      118.183 
    t2         times_2_760           7     34.200      4.826       39.026 
  mc2_mw1_t31  times_3_942          18     99.720     11.593      111.313 
    t2         times_2_759           4     26.280      1.916       28.196 
  mc2_mw1_t32  times_3_941          18    100.440     12.065      112.505 
    t2         times_2_758           5     26.640      2.413       29.053 
  mc2_mw1_t33  times_3_940          18    106.560     11.593      118.153 
    t2         times_2_757           4     27.000      1.916       28.916 
  mc2_mw2_t30  times_3_939          18    106.200     12.538      118.738 
    t2         times_2_752           4     30.960      1.916       32.876 
  mc2_mw2_t31  times_3_938          18     97.200     11.593      108.793 
    t2         times_2_751           4     29.880      1.916       31.796 
  mc2_mw2_t32  times_3_937          18    108.360     12.538      120.898 
    t2         times_2_750           4     29.880      1.916       31.796 
  mc2_mw2_t33  times_3_936          19    109.440     12.090      121.530 
    t2         times_2_749           4     29.520      1.916       31.436 
  mc2_mw3_t30  times_3_935          19    110.880     12.090      122.970 
    t2         times_2_744           5     28.800      2.413       31.213 
  mc2_mw3_t31  times_3_934          18    101.160     10.647      111.807 
    t2         times_2_743           4     27.360      0.970       28.330 
  mc2_mw3_t32  times_3_933          18     97.560     12.538      110.098 
    t2         times_2_742           4     27.000      1.916       28.916 
  mc2_mw3_t33  times_3_932          16     96.480      9.652      106.132 
    t2         times_2_741           4     28.440      1.916       30.356 
  mc3_mw0_t30  times_3_931          17     96.840     10.622      107.462 
    t2         times_2_736           4     26.280      1.916       28.196 
  mc3_mw0_t31  times_3_930          19    106.200     11.617      117.817 
    t2         times_2_735           6     32.400      2.911       35.311 
  mc3_mw0_t32  times_3_929          18     93.960     11.120      105.080 
    t2         times_2_734           4     27.000      1.916       28.916 
  mc3_mw0_t33  times_3_928          18    101.160     11.593      112.753 
    t2         times_2_733           4     27.720      1.916       29.636 
  mc3_mw1_t30  times_3_927          17     89.280     10.622       99.902 
    t2         times_2_728           4     25.200      1.916       27.116 
  mc3_mw1_t31  times_3_926          20    101.880     12.588      114.468 
    t2         times_2_727           6     29.880      2.911       32.791 
  mc3_mw1_t32  times_3_925          16     90.360      9.652      100.012 
    t2         times_2_726           4     24.120      1.916       26.036 
  mc3_mw1_t33  times_3_924          19    104.400     13.035      117.435 
    t2         times_2_725           4     27.000      1.916       28.916 
  mc3_mw2_t30  times_3_923          17     93.240     10.622      103.862 
    t2         times_2_720           4     29.520      1.916       31.436 
  mc3_mw2_t31  times_3_922          17     89.640      9.677       99.317 
    t2         times_2_719           5     28.080      1.940       30.020 
  mc3_mw2_t32  times_3_921          16     97.200      9.652      106.852 
    t2         times_2_718           4     28.080      1.916       29.996 
  mc3_mw2_t33  times_3_920          18    101.520     12.538      114.058 
    t2         times_2_717           4     26.280      1.916       28.196 
  mc3_mw3_t30  times_3_919          18    102.600     11.593      114.193 
    t2         times_2_712           4     31.320      1.916       33.236 
  mc3_mw3_t31  times_3_918          18    100.080     11.593      111.673 
    t2         times_2_711           4     28.440      1.916       30.356 
  mc3_mw3_t32  times_3_917          18     95.400     11.593      106.993 
    t2         times_2_710           4     25.200      1.916       27.116 
  mc3_mw3_t33  times_3_916          19     98.280     12.563      110.843 
    t2         times_2_709           5     24.120      2.413       26.533 
  mc4_mw0_t30  times_3_915          19     99.720     12.090      111.810 
    t2         times_2_704           5     28.440      2.413       30.853 
  mc4_mw0_t31  times_3_914          18     95.400     10.647      106.047 
    t2         times_2_703           5     26.640      1.940       28.580 
  mc4_mw0_t32  times_3_913          15     81.720      8.209       89.929 
    t2         times_2_702           4     27.000      1.916       28.916 
  mc4_mw0_t33  times_3_912          17     95.760     10.622      106.382 
    t2         times_2_701           4     25.200      1.916       27.116 
  mc4_mw1_t30  times_3_911          17    104.760     10.622      115.382 
    t2         times_2_696           4     28.800      1.916       30.716 
  mc4_mw1_t31  times_3_910          20    100.440     12.588      113.028 
    t2         times_2_695           6     27.000      2.911       29.911 
  mc4_mw1_t32  times_3_909          17     93.240     10.622      103.862 
    t2         times_2_694           4     29.520      1.916       31.436 
  mc4_mw1_t33  times_3_908          17     90.000     10.622      100.622 
    t2         times_2_693           4     25.200      1.916       27.116 
  mc4_mw2_t30  times_3_907          16     90.000      9.180       99.180 
    t2         times_2_688           4     27.720      1.916       29.636 
  mc4_mw2_t31  times_3_906          18    101.160     12.065      113.225 
    t2         times_2_687           4     26.280      1.916       28.196 
  mc4_mw2_t32  times_3_905          17     94.320     10.622      104.942 
    t2         times_2_686           4     29.520      1.916       31.436 
  mc4_mw2_t33  times_3_904          16     95.040      9.652      104.692 
    t2         times_2_685           4     27.000      1.916       28.916 
  mc4_mw3_t30  times_3_903          17     91.440     10.622      102.062 
    t2         times_2_680           4     30.960      1.916       32.876 
  mc4_mw3_t31  times_3_902          20    107.280     14.478      121.758 
    t2         times_2_679           4     27.000      1.916       28.916 
  mc4_mw3_t32  times_3_901          16     89.280      9.652       98.932 
    t2         times_2_678           4     26.280      1.916       28.196 
  mc4_mw3_t33  times_3_900          17     91.440     10.622      102.062 
    t2         times_2_677           4     26.280      1.916       28.196 
  mc5_mw0_t30  times_3_899          18     96.120     11.593      107.713 
    t2         times_2_672           4     26.280      1.916       28.196 
  mc5_mw0_t31  times_3_898          16     94.320      9.652      103.972 
    t2         times_2_671           4     26.280      1.916       28.196 
  mc5_mw0_t32  times_3_897          16     90.360      9.652      100.012 
    t2         times_2_670           4     27.000      1.916       28.916 
  mc5_mw0_t33  times_3_896          15     87.120      8.682       95.802 
    t2         times_2_669           4     24.840      1.916       26.756 
  mc5_mw1_t30  times_3_895          20    117.360     13.533      130.893 
    t2         times_2_664           5     32.400      2.413       34.813 
  mc5_mw1_t31  times_3_894          19    102.240     11.617      113.857 
    t2         times_2_663           6     28.080      2.911       30.991 
  mc5_mw1_t32  times_3_893          16     90.720      9.652      100.372 
    t2         times_2_662           4     28.440      1.916       30.356 
  mc5_mw1_t33  times_3_892          16     89.280      9.652       98.932 
    t2         times_2_661           4     24.120      1.916       26.036 
  mc5_mw2_t30  times_3_891          17     91.080     10.622      101.702 
    t2         times_2_656           4     24.120      1.916       26.036 
  mc5_mw2_t31  times_3_890          18     97.920     11.120      109.040 
    t2         times_2_655           5     24.120      1.940       26.060 
  mc5_mw2_t32  times_3_889          17     95.400     10.150      105.550 
    t2         times_2_654           5     30.240      2.413       32.653 
  mc5_mw2_t33  times_3_888          17     90.360     10.622      100.982 
    t2         times_2_653           4     25.560      1.916       27.476 
  mc5_mw3_t30  times_3_887          17     93.600     10.622      104.222 
    t2         times_2_648           4     26.280      1.916       28.196 
  mc5_mw3_t31  times_3_886          17    103.320     10.622      113.942 
    t2         times_2_647           4     28.800      1.916       30.716 
  mc5_mw3_t32  times_3_885          16     89.640      9.652       99.292 
    t2         times_2_646           4     25.200      1.916       27.116 
  mc5_mw3_t33  times_3_884          17     98.280     10.622      108.902 
    t2         times_2_645           4     28.800      1.916       30.716 
  mc6_mw0_t30  times_3_883          16     96.480      9.652      106.132 
    t2         times_2_640           4     28.080      1.916       29.996 
  mc6_mw0_t31  times_3_882          16     78.120      9.652       87.772 
    t2         times_2_639           4     23.040      1.916       24.956 
  mc6_mw0_t32  times_3_881          18     93.960     12.538      106.498 
    t2         times_2_638           4     26.280      1.916       28.196 
  mc6_mw0_t33  times_3_880          17     98.640     10.150      108.790 
    t2         times_2_637           4     27.000      1.916       28.916 
  mc6_mw1_t30  times_3_879          16     87.840      9.180       97.020 
    t2         times_2_632           4     26.280      1.916       28.196 
  mc6_mw1_t31  times_3_878          18     99.000     10.647      109.647 
    t2         times_2_631           5     26.640      1.940       28.580 
  mc6_mw1_t32  times_3_877          14     88.200      7.712       95.912 
    t2         times_2_630           4     27.360      1.916       29.276 
  mc6_mw1_t33  times_3_876          16     92.520      9.652      102.172 
    t2         times_2_629           4     28.440      1.916       30.356 
  mc6_mw2_t30  times_3_875          19    104.400     12.090      116.490 
    t2         times_2_624           5     30.960      2.413       33.373 
  mc6_mw2_t31  times_3_874          20     98.280     12.588      110.868 
    t2         times_2_623           6     27.720      2.911       30.631 
  mc6_mw2_t32  times_3_873          17     90.720     10.622      101.342 
    t2         times_2_622           4     27.720      1.916       29.636 
  mc6_mw2_t33  times_3_872          16     88.200      9.652       97.852 
    t2         times_2_621           4     25.200      1.916       27.116 
  mc6_mw3_t30  times_3_871          18     97.200     10.647      107.847 
    t2         times_2_616           5     28.800      2.413       31.213 
  mc6_mw3_t31  times_3_870          16     94.680      9.652      104.332 
    t2         times_2_615           4     25.200      1.916       27.116 
  mc6_mw3_t32  times_3_869          16     96.480      9.180      105.660 
    t2         times_2_614           5     32.760      2.413       35.173 
  mc6_mw3_t33  times_3_868          18     92.520     11.120      103.640 
    t2         times_2_613           5     26.640      2.413       29.053 
  mc7_mw0_t30  times_3_867          17     97.200     10.622      107.822 
    t2         times_2_608           4     30.960      1.916       32.876 
  mc7_mw0_t31  times_3_866          17     98.280     10.622      108.902 
    t2         times_2_607           4     25.200      1.916       27.116 
  mc7_mw0_t32  times_3_865          16     93.960      9.652      103.612 
    t2         times_2_606           4     28.440      1.916       30.356 
  mc7_mw0_t33  times_3_864          16     91.080      8.707       99.787 
    t2         times_2_605           4     24.840      0.970       25.810 
  mc7_mw1_t30  times_3_863          17    101.880     10.622      112.502 
    t2         times_2_600           4     32.400      1.916       34.316 
  mc7_mw1_t31  times_3_862          17    100.800     10.622      111.422 
    t2         times_2_599           4     28.800      1.916       30.716 
  mc7_mw1_t32  times_3_861          17     90.720     10.622      101.342 
    t2         times_2_598           4     29.880      1.916       31.796 
  mc7_mw1_t33  times_3_860          16     93.960      9.652      103.612 
    t2         times_2_597           4     29.880      1.916       31.796 
  mc7_mw2_t30  times_3_859          18    102.960     11.593      114.553 
    t2         times_2_592           4     29.880      1.916       31.796 
  mc7_mw2_t31  times_3_858          17    100.080     10.622      110.702 
    t2         times_2_591           4     29.520      1.916       31.436 
  mc7_mw2_t32  times_3_857          17     96.480     10.622      107.102 
    t2         times_2_590           4     28.080      1.916       29.996 
  mc7_mw2_t33  times_3_856          17     94.680     10.150      104.830 
    t2         times_2_589           5     27.720      2.413       30.133 
  mc7_mw3_t30  times_3_855          18     92.520     10.647      103.167 
    t2         times_2_584           5     28.080      1.940       30.020 
  mc7_mw3_t31  times_3_854          18    104.760     11.593      116.353 
    t2         times_2_583           4     25.560      1.443       27.003 
  mc7_mw3_t32  times_3_853          17     98.640     10.622      109.262 
    t2         times_2_582           4     27.000      1.916       28.916 
  mc7_mw3_t33  times_3_852          16     98.280      9.652      107.932 
    t2         times_2_581           4     29.520      1.916       31.436 
  mc8_mw0_t30  times_3_851          18    103.320     11.593      114.913 
    t2         times_2_576           4     29.520      1.916       31.436 
  mc8_mw0_t31  times_3_850          17     95.040     11.095      106.135 
    t2         times_2_575           4     27.360      1.916       29.276 
  mc8_mw0_t32  times_3_849          17     88.560     11.095       99.655 
    t2         times_2_574           4     28.800      1.916       30.716 
  mc8_mw0_t33  times_3_848          17     90.720     10.622      101.342 
    t2         times_2_573           4     26.280      1.916       28.196 
  mc8_mw1_t30  times_3_847          17     93.240     10.622      103.862 
    t2         times_2_568           4     25.200      1.916       27.116 
  mc8_mw1_t31  times_3_846          17     95.040     10.622      105.662 
    t2         times_2_567           4     29.520      1.916       31.436 
  mc8_mw1_t32  times_3_845          17     94.320     11.095      105.415 
    t2         times_2_566           4     28.800      1.916       30.716 
  mc8_mw1_t33  times_3_844          17     95.400     11.095      106.495 
    t2         times_2_565           4     27.360      1.916       29.276 
  mc8_mw2_t30  times_3_843          17     90.360     10.622      100.982 
    t2         times_2_560           4     24.840      1.916       26.756 
  mc8_mw2_t31  times_3_842          20     99.720     12.588      112.308 
    t2         times_2_559           6     27.000      2.911       29.911 
  mc8_mw2_t32  times_3_841          16     88.560     10.125       98.685 
    t2         times_2_558           4     26.280      1.916       28.196 
  mc8_mw2_t33  times_3_840          17     90.720     11.095      101.815 
    t2         times_2_557           4     25.560      1.916       27.476 
  mc8_mw3_t30  times_3_839          17    100.800     11.095      111.895 
    t2         times_2_552           4     27.000      1.916       28.916 
  mc8_mw3_t31  times_3_838          17     98.280     10.622      108.902 
    t2         times_2_551           4     28.800      1.916       30.716 
  mc8_mw3_t32  times_3_837          17     90.000     10.622      100.622 
    t2         times_2_550           4     24.480      1.916       26.396 
  mc8_mw3_t33  times_3_836          16     92.520      9.652      102.172 
    t2         times_2_549           4     25.560      1.916       27.476 
  sb0_s0       sbox_1956           629   2320.200    993.380     3313.580 
  sb0_s1       sbox_1955           625   2345.400    984.300     3329.700 
  sb0_s2       sbox_1954           608   2312.280    966.862     3279.142 
  sb0_s3       sbox_1953           617   2315.160    981.738     3296.898 
  sb0_s4       sbox_1952           627   2215.080    991.440     3206.520 
  sb0_s5       sbox_1951           604   2365.560    968.180     3333.740 
  sb0_s6       sbox_1950           652   2476.440   1020.894     3497.334 
  sb0_s7       sbox_1949           627   2385.000    988.604     3373.604 
  sb0_s8       sbox_1948           620   2353.320    987.957     3341.277 
  sb0_s9       sbox_1947           601   2163.600    961.961     3125.561 
  sb0_s10      sbox_1946           606   2327.760    969.648     3297.408 
  sb0_s11      sbox_1945           626   2410.560    998.505     3409.065 
  sb0_s12      sbox_1944           619   2477.880    981.315     3459.195 
  sb0_s13      sbox_1943           629   2374.200    994.798     3368.998 
  sb0_s14      sbox_1942           584   2097.000    943.577     3040.577 
  sb0_s15      sbox_1941           625   2296.440    988.082     3284.522 
  sb1_s0       sbox_1940           634   2537.280    987.833     3525.113 
  sb1_s1       sbox_1939           677   2728.800   1027.188     3755.988 
  sb1_s2       sbox_1938           632   2523.960    985.420     3509.380 
  sb1_s3       sbox_1937           644   2678.400   1000.371     3678.771 
  sb1_s4       sbox_1936           646   2608.560    998.057     3606.617 
  sb1_s5       sbox_1935           623   2479.320    974.325     3453.645 
  sb1_s6       sbox_1934           658   2703.960   1015.372     3719.332 
  sb1_s7       sbox_1933           656   2607.480   1008.705     3616.185 
  sb1_s8       sbox_1932           617   2396.160    964.722     3360.882 
  sb1_s9       sbox_1931           644   2446.200    995.644     3441.844 
  sb1_s10      sbox_1930           652   2463.480   1001.515     3464.995 
  sb1_s11      sbox_1929           642   2492.280    992.758     3485.038 
  sb1_s12      sbox_1928           632   2598.840    988.728     3587.568 
  sb1_s13      sbox_1927           619   2354.040    968.553     3322.593 
  sb1_s14      sbox_1926           677   2800.080   1034.751     3834.831 
  sb1_s15      sbox_1925           643   2576.160    995.619     3571.779 
  sb2_s0       sbox_1924           623   2396.880    964.872     3361.752 
  sb2_s1       sbox_1923           638   2535.480    983.206     3518.686 
  sb2_s2       sbox_1922           639   2464.920    987.957     3452.877 
  sb2_s3       sbox_1921           693   2923.920   1043.656     3967.576 
  sb2_s4       sbox_1920           647   2637.720    994.774     3632.494 
  sb2_s5       sbox_1919           633   2504.160    979.300     3483.460 
  sb2_s6       sbox_1918           647   2588.040    994.301     3582.341 
  sb2_s7       sbox_1917           641   2596.320    988.007     3584.327 
  sb2_s8       sbox_1916           635   2512.800    985.494     3498.294 
  sb2_s9       sbox_1915           625   2421.000    969.175     3390.175 
  sb2_s10      sbox_1914           620   2512.440    964.324     3476.764 
  sb2_s11      sbox_1913           632   2520.000    982.584     3502.584 
  sb2_s12      sbox_1912           634   2460.240    978.380     3438.620 
  sb2_s13      sbox_1911           618   2368.440    963.329     3331.769 
  sb2_s14      sbox_1910           612   2541.240    960.344     3501.584 
  sb2_s15      sbox_1909           654   2641.320   1002.510     3643.830 
  sb3_s0       sbox_1908           659   2315.520   1005.471     3320.991 
  sb3_s1       sbox_1907           597   2141.280    942.010     3083.290 
  sb3_s2       sbox_1906           646   2242.440    987.186     3229.626 
  sb3_s3       sbox_1905           652   2343.600    995.843     3339.443 
  sb3_s4       sbox_1904           628   2324.880    973.977     3298.857 
  sb3_s5       sbox_1903           604   2209.680    947.856     3157.536 
  sb3_s6       sbox_1902           600   2134.800    946.811     3081.611 
  sb3_s7       sbox_1901           604   2120.040    950.692     3070.732 
  sb3_s8       sbox_1900           608   2116.800    950.791     3067.591 
  sb3_s9       sbox_1899           610   2160.720    952.259     3112.979 
  sb3_s10      sbox_1898           615   2228.400    961.837     3190.237 
  sb3_s11      sbox_1897           610   2170.440    954.150     3124.590 
  sb3_s12      sbox_1896           607   2203.920    952.184     3156.104 
  sb3_s13      sbox_1895           606   2152.800    947.906     3100.706 
  sb3_s14      sbox_1894           622   2350.800    967.683     3318.483 
  sb3_s15      sbox_1893           607   2205.360    953.602     3158.962 
  sb4_s0       sbox_1892           608   2075.400    952.209     3027.609 
  sb4_s1       sbox_1891           615   2062.800    960.419     3023.219 
  sb4_s2       sbox_1890           628   2071.080    970.195     3041.275 
  sb4_s3       sbox_1889           625   2114.640    969.648     3084.288 
  sb4_s4       sbox_1888           606   2108.160    948.851     3057.011 
  sb4_s5       sbox_1887           594   2045.880    937.209     2983.089 
  sb4_s6       sbox_1886           598   2101.680    941.089     3042.769 
  sb4_s7       sbox_1885           623   2166.840    967.708     3134.548 
  sb4_s8       sbox_1884           590   2006.280    932.855     2939.135 
  sb4_s9       sbox_1883           593   1991.160    935.766     2926.926 
  sb4_s10      sbox_1882           593   2162.160    936.238     3098.398 
  sb4_s11      sbox_1881           596   2050.560    939.149     2989.709 
  sb4_s12      sbox_1880           590   2002.320    930.965     2933.285 
  sb4_s13      sbox_1879           612   2019.960    953.254     2973.214 
  sb4_s14      sbox_1878           580   2037.240    921.263     2958.503 
  sb4_s15      sbox_1877           602   2112.480    944.498     3056.978 
  sb5_s0       sbox_1876           612   2124.360    953.727     3078.087 
  sb5_s1       sbox_1875           626   2130.120    970.145     3100.265 
  sb5_s2       sbox_1874           613   2091.600    955.642     3047.242 
  sb5_s3       sbox_1873           621   1987.920    961.041     2948.961 
  sb5_s4       sbox_1872           605   2102.400    949.299     3051.699 
  sb5_s5       sbox_1871           595   2061.360    935.343     2996.703 
  sb5_s6       sbox_1870           624   2113.920    964.424     3078.344 
  sb5_s7       sbox_1869           625   2144.880    967.285     3112.165 
  sb5_s8       sbox_1868           589   2100.240    932.830     3033.070 
  sb5_s9       sbox_1867           594   1967.400    940.045     2907.445 
  sb5_s10      sbox_1866           605   2009.880    946.935     2956.815 
  sb5_s11      sbox_1865           597   2062.080    938.229     3000.309 
  sb5_s12      sbox_1864           609   2051.280    951.289     3002.569 
  sb5_s13      sbox_1863           614   2031.480    958.030     2989.510 
  sb5_s14      sbox_1862           596   2034.000    938.204     2972.204 
  sb5_s15      sbox_1861           597   2051.640    945.318     2996.958 
  sb6_s0       sbox_1860           612   2029.680    954.199     2983.879 
  sb6_s1       sbox_1859           609   2128.680    953.180     3081.860 
  sb6_s2       sbox_1858           617   2109.960    957.632     3067.592 
  sb6_s3       sbox_1857           625   2219.400    971.066     3190.466 
  sb6_s4       sbox_1856           626   2110.680    967.782     3078.462 
  sb6_s5       sbox_1855           626   2049.480    971.091     3020.571 
  sb6_s6       sbox_1854           610   2047.680    948.005     2995.685 
  sb6_s7       sbox_1853           623   2075.760    969.598     3045.358 
  sb6_s8       sbox_1852           583   1985.040    927.954     2912.994 
  sb6_s9       sbox_1851           594   1982.880    938.154     2921.034 
  sb6_s10      sbox_1850           613   2103.120    953.279     3056.399 
  sb6_s11      sbox_1849           614   2060.280    958.030     3018.310 
  sb6_s12      sbox_1848           593   2047.320    937.184     2984.504 
  sb6_s13      sbox_1847           616   2060.640    958.553     3019.193 
  sb6_s14      sbox_1846           590   2017.440    933.328     2950.768 
  sb6_s15      sbox_1845           611   1983.960    954.175     2938.135 
  sb7_s0       sbox_1844           606   2084.040    947.906     3031.946 
  sb7_s1       sbox_1843           615   2046.240    962.309     3008.549 
  sb7_s2       sbox_1842           613   2005.560    953.279     2958.839 
  sb7_s3       sbox_1841           606   2089.800    954.523     3044.323 
  sb7_s4       sbox_1840           631   2046.240    974.524     3020.764 
  sb7_s5       sbox_1839           613   2005.920    956.588     2962.508 
  sb7_s6       sbox_1838           612   2018.160    953.254     2971.414 
  sb7_s7       sbox_1837           614   2077.200    962.284     3039.484 
  sb7_s8       sbox_1836           638   2002.320    978.952     2981.272 
  sb7_s9       sbox_1835           593   1986.480    937.656     2924.136 
  sb7_s10      sbox_1834           627   2154.600    971.116     3125.716 
  sb7_s11      sbox_1833           623   2021.040    968.180     2989.220 
  sb7_s12      sbox_1832           601   1998.720    945.418     2944.138 
  sb7_s13      sbox_1831           615   2005.200    959.946     2965.146 
  sb7_s14      sbox_1830           616   2057.040    958.553     3015.593 
  sb7_s15      sbox_1829           629   2074.320    973.056     3047.376 
  sb8_s0       sbox_1828           605   2036.880    946.463     2983.343 
  sb8_s1       sbox_1827           620   2055.600    962.906     3018.506 
  sb8_s2       sbox_1826           634   2122.920    978.380     3101.300 
  sb8_s3       sbox_1825           631   2099.880    973.106     3072.986 
  sb8_s4       sbox_1824           607   1969.200    950.294     2919.494 
  sb8_s5       sbox_1823           588   1966.680    935.169     2901.849 
  sb8_s6       sbox_1822           627   2071.800    970.170     3041.970 
  sb8_s7       sbox_1821           605   2017.440    951.662     2969.102 
  sb8_s8       sbox_1820           623   1995.840    967.235     2963.075 
  sb8_s9       sbox_1819           598   1979.280    942.035     2921.315 
  sb8_s10      sbox_1818           625   2088.360    965.394     3053.754 
  sb8_s11      sbox_1817           591   2050.200    935.716     2985.916 
  sb8_s12      sbox_1816           625   2022.840    965.394     2988.234 
  sb8_s13      sbox_1815           627   2062.800    968.280     3031.080 
  sb8_s14      sbox_1814           634   2098.440    975.544     3073.984 
  sb8_s15      sbox_1813           630   2135.160    973.554     3108.714 
  sb9_s0       sbox_1812           611   1925.280    951.339     2876.619 
  sb9_s1       sbox_1811           609   1886.400    949.398     2835.798 
  sb9_s2       sbox_1810           609   1906.920    950.344     2857.264 
  sb9_s3       sbox_1809           609   1906.920    950.344     2857.264 
  sb9_s4       sbox_1808           640   1808.640    981.838     2790.478 
  sb9_s5       sbox_1807           617   1833.480    960.468     2793.948 
  sb9_s6       sbox_1806           609   1906.920    950.344     2857.264 
  sb9_s7       sbox_1805           609   1906.920    950.344     2857.264 
  sb9_s8       sbox_1804           625   1887.480    966.339     2853.819 
  sb9_s9       sbox_1803           603   1795.680    944.995     2740.675 
  sb9_s10      sbox_1802           622   1915.200    967.210     2882.410 
  sb9_s11      sbox_1801           609   1906.920    950.344     2857.264 
  sb9_s12      sbox_1800           629   1863.000    971.638     2834.638 
  sb9_s13      sbox_1799           631   1856.880    973.578     2830.458 
  sb9_s14      sbox_1798           624   1855.080    967.732     2822.812 
  sb9_s15      sbox_1797           609   1906.920    950.344     2857.264 
