============================================================
  Generated by:           Genus(TM) Synthesis Solution 21.15-s080_1
  Generated on:           Sep 04 2025  08:49:11 am
  Module:                 aes_128
  Operating conditions:   ss_typical_max_0p90v_125c 
  Interconnect mode:      global
  Area mode:              physical library
============================================================

Timing
--------

Clock  Period 
--------------
clk   40000.0 


  Cost    Critical         Violating 
 Group   Path Slack  TNS     Paths   
-------------------------------------
clk        No paths   0.0            
default    No paths   0.0            
in2out        150.6   0.0          0 
-------------------------------------
Total                 0.0          0 

Instance Count
--------------
Leaf Instance Count             136758 
Physical Instance count              0 
Sequential Instance Count            0 
Combinational Instance Count    136758 
Hierarchical Instance Count        488 

Area
----
Cell Area                          512378.640
Physical Cell Area                 0.000
Total Cell Area (Cell+Physical)    512378.640
Net Area                           216585.340
Total Area (Cell+Physical+Net)     728963.980

Max Fanout                         16 (ke_ks0_sw_s0/n_82)
Min Fanout                         0 (mc0_mw0_in_column_times_3[0][8])
Average Fanout                     2.3
Terms to net ratio                 3.2654
Terms to instance ratio            3.2956
Runtime                            1700.813528 seconds
Elapsed Runtime                    1914 seconds
Genus peak memory usage            6886.77 
Innovus peak memory usage          no_value 
Hostname                           ip-10-70-173-86.il-central-1.compute.internal
