============================================================
  Generated by:           Genus(TM) Synthesis Solution 21.15-s080_1
  Generated on:           Sep 04 2025  08:48:58 am
  Module:                 aes_128
  Operating conditions:   ss_typical_max_0p90v_125c 
  Interconnect mode:      global
  Area mode:              physical library
============================================================

 
  Hierarchy Report Format : 
 
    level instance ( module ) <status>
 
    status :    preserve_<value> -- indicating preserve hierachy or inherited_preserve value
           :    blackbox --  indicating  unresolved instance
 
==================================================================

 0 aes_128
  1 ke_ks0_sw_s0 ( sbox ) 
  1 ke_ks0_sw_s1 ( sbox_1995 ) 
  1 ke_ks0_sw_s2 ( sbox_1994 ) 
  1 ke_ks0_sw_s3 ( sbox_1993 ) 
  1 ke_ks1_sw_s0 ( sbox_1992 ) 
  1 ke_ks1_sw_s1 ( sbox_1991 ) 
  1 ke_ks1_sw_s2 ( sbox_1990 ) 
  1 ke_ks1_sw_s3 ( sbox_1989 ) 
  1 ke_ks2_sw_s0 ( sbox_1988 ) 
  1 ke_ks2_sw_s1 ( sbox_1987 ) 
  1 ke_ks2_sw_s2 ( sbox_1986 ) 
  1 ke_ks2_sw_s3 ( sbox_1985 ) 
  1 ke_ks3_sw_s0 ( sbox_1984 ) 
  1 ke_ks3_sw_s1 ( sbox_1983 ) 
  1 ke_ks3_sw_s2 ( sbox_1982 ) 
  1 ke_ks3_sw_s3 ( sbox_1981 ) 
  1 ke_ks4_sw_s0 ( sbox_1980 ) 
  1 ke_ks4_sw_s1 ( sbox_1979 ) 
  1 ke_ks4_sw_s2 ( sbox_1978 ) 
  1 ke_ks4_sw_s3 ( sbox_1977 ) 
  1 ke_ks5_sw_s0 ( sbox_1976 ) 
  1 ke_ks5_sw_s1 ( sbox_1975 ) 
  1 ke_ks5_sw_s2 ( sbox_1974 ) 
  1 ke_ks5_sw_s3 ( sbox_1973 ) 
  1 ke_ks6_sw_s0 ( sbox_1972 ) 
  1 ke_ks6_sw_s1 ( sbox_1971 ) 
  1 ke_ks6_sw_s2 ( sbox_1970 ) 
  1 ke_ks6_sw_s3 ( sbox_1969 ) 
  1 ke_ks7_sw_s0 ( sbox_1968 ) 
  1 ke_ks7_sw_s1 ( sbox_1967 ) 
  1 ke_ks7_sw_s2 ( sbox_1966 ) 
  1 ke_ks7_sw_s3 ( sbox_1965 ) 
  1 ke_ks8_sw_s0 ( sbox_1964 ) 
  1 ke_ks8_sw_s1 ( sbox_1963 ) 
  1 ke_ks8_sw_s2 ( sbox_1962 ) 
  1 ke_ks8_sw_s3 ( sbox_1961 ) 
  1 ke_ks9_sw_s0 ( sbox_1960 ) 
  1 ke_ks9_sw_s1 ( sbox_1959 ) 
  1 ke_ks9_sw_s2 ( sbox_1958 ) 
  1 ke_ks9_sw_s3 ( sbox_1957 ) 
  1 mc0_mw0_t30 ( times_3 ) 
     2 t2 ( times_2 ) 
  1 mc0_mw0_t31 ( times_3_978 ) 
     2 t2 ( times_2_831 ) 
  1 mc0_mw0_t32 ( times_3_977 ) 
     2 t2 ( times_2_830 ) 
  1 mc0_mw0_t33 ( times_3_976 ) 
     2 t2 ( times_2_829 ) 
  1 mc0_mw1_t30 ( times_3_975 ) 
     2 t2 ( times_2_824 ) 
  1 mc0_mw1_t31 ( times_3_974 ) 
     2 t2 ( times_2_823 ) 
  1 mc0_mw1_t32 ( times_3_973 ) 
     2 t2 ( times_2_822 ) 
  1 mc0_mw1_t33 ( times_3_972 ) 
     2 t2 ( times_2_821 ) 
  1 mc0_mw2_t30 ( times_3_971 ) 
     2 t2 ( times_2_816 ) 
  1 mc0_mw2_t31 ( times_3_970 ) 
     2 t2 ( times_2_815 ) 
  1 mc0_mw2_t32 ( times_3_969 ) 
     2 t2 ( times_2_814 ) 
  1 mc0_mw2_t33 ( times_3_968 ) 
     2 t2 ( times_2_813 ) 
  1 mc0_mw3_t30 ( times_3_967 ) 
     2 t2 ( times_2_808 ) 
  1 mc0_mw3_t31 ( times_3_966 ) 
     2 t2 ( times_2_807 ) 
  1 mc0_mw3_t32 ( times_3_965 ) 
     2 t2 ( times_2_806 ) 
  1 mc0_mw3_t33 ( times_3_964 ) 
     2 t2 ( times_2_805 ) 
  1 mc1_mw0_t30 ( times_3_963 ) 
     2 t2 ( times_2_800 ) 
  1 mc1_mw0_t31 ( times_3_962 ) 
     2 t2 ( times_2_799 ) 
  1 mc1_mw0_t32 ( times_3_961 ) 
     2 t2 ( times_2_798 ) 
  1 mc1_mw0_t33 ( times_3_960 ) 
     2 t2 ( times_2_797 ) 
  1 mc1_mw1_t30 ( times_3_959 ) 
     2 t2 ( times_2_792 ) 
  1 mc1_mw1_t31 ( times_3_958 ) 
     2 t2 ( times_2_791 ) 
  1 mc1_mw1_t32 ( times_3_957 ) 
     2 t2 ( times_2_790 ) 
  1 mc1_mw1_t33 ( times_3_956 ) 
     2 t2 ( times_2_789 ) 
  1 mc1_mw2_t30 ( times_3_955 ) 
     2 t2 ( times_2_784 ) 
  1 mc1_mw2_t31 ( times_3_954 ) 
     2 t2 ( times_2_783 ) 
  1 mc1_mw2_t32 ( times_3_953 ) 
     2 t2 ( times_2_782 ) 
  1 mc1_mw2_t33 ( times_3_952 ) 
     2 t2 ( times_2_781 ) 
  1 mc1_mw3_t30 ( times_3_951 ) 
     2 t2 ( times_2_776 ) 
  1 mc1_mw3_t31 ( times_3_950 ) 
     2 t2 ( times_2_775 ) 
  1 mc1_mw3_t32 ( times_3_949 ) 
     2 t2 ( times_2_774 ) 
  1 mc1_mw3_t33 ( times_3_948 ) 
     2 t2 ( times_2_773 ) 
  1 mc2_mw0_t30 ( times_3_947 ) 
     2 t2 ( times_2_768 ) 
  1 mc2_mw0_t31 ( times_3_946 ) 
     2 t2 ( times_2_767 ) 
  1 mc2_mw0_t32 ( times_3_945 ) 
     2 t2 ( times_2_766 ) 
  1 mc2_mw0_t33 ( times_3_944 ) 
     2 t2 ( times_2_765 ) 
  1 mc2_mw1_t30 ( times_3_943 ) 
     2 t2 ( times_2_760 ) 
  1 mc2_mw1_t31 ( times_3_942 ) 
     2 t2 ( times_2_759 ) 
  1 mc2_mw1_t32 ( times_3_941 ) 
     2 t2 ( times_2_758 ) 
  1 mc2_mw1_t33 ( times_3_940 ) 
     2 t2 ( times_2_757 ) 
  1 mc2_mw2_t30 ( times_3_939 ) 
     2 t2 ( times_2_752 ) 
  1 mc2_mw2_t31 ( times_3_938 ) 
     2 t2 ( times_2_751 ) 
  1 mc2_mw2_t32 ( times_3_937 ) 
     2 t2 ( times_2_750 ) 
  1 mc2_mw2_t33 ( times_3_936 ) 
     2 t2 ( times_2_749 ) 
  1 mc2_mw3_t30 ( times_3_935 ) 
     2 t2 ( times_2_744 ) 
  1 mc2_mw3_t31 ( times_3_934 ) 
     2 t2 ( times_2_743 ) 
  1 mc2_mw3_t32 ( times_3_933 ) 
     2 t2 ( times_2_742 ) 
  1 mc2_mw3_t33 ( times_3_932 ) 
     2 t2 ( times_2_741 ) 
  1 mc3_mw0_t30 ( times_3_931 ) 
     2 t2 ( times_2_736 ) 
  1 mc3_mw0_t31 ( times_3_930 ) 
     2 t2 ( times_2_735 ) 
  1 mc3_mw0_t32 ( times_3_929 ) 
     2 t2 ( times_2_734 ) 
  1 mc3_mw0_t33 ( times_3_928 ) 
     2 t2 ( times_2_733 ) 
  1 mc3_mw1_t30 ( times_3_927 ) 
     2 t2 ( times_2_728 ) 
  1 mc3_mw1_t31 ( times_3_926 ) 
     2 t2 ( times_2_727 ) 
  1 mc3_mw1_t32 ( times_3_925 ) 
     2 t2 ( times_2_726 ) 
  1 mc3_mw1_t33 ( times_3_924 ) 
     2 t2 ( times_2_725 ) 
  1 mc3_mw2_t30 ( times_3_923 ) 
     2 t2 ( times_2_720 ) 
  1 mc3_mw2_t31 ( times_3_922 ) 
     2 t2 ( times_2_719 ) 
  1 mc3_mw2_t32 ( times_3_921 ) 
     2 t2 ( times_2_718 ) 
  1 mc3_mw2_t33 ( times_3_920 ) 
     2 t2 ( times_2_717 ) 
  1 mc3_mw3_t30 ( times_3_919 ) 
     2 t2 ( times_2_712 ) 
  1 mc3_mw3_t31 ( times_3_918 ) 
     2 t2 ( times_2_711 ) 
  1 mc3_mw3_t32 ( times_3_917 ) 
     2 t2 ( times_2_710 ) 
  1 mc3_mw3_t33 ( times_3_916 ) 
     2 t2 ( times_2_709 ) 
  1 mc4_mw0_t30 ( times_3_915 ) 
     2 t2 ( times_2_704 ) 
  1 mc4_mw0_t31 ( times_3_914 ) 
     2 t2 ( times_2_703 ) 
  1 mc4_mw0_t32 ( times_3_913 ) 
     2 t2 ( times_2_702 ) 
  1 mc4_mw0_t33 ( times_3_912 ) 
     2 t2 ( times_2_701 ) 
  1 mc4_mw1_t30 ( times_3_911 ) 
     2 t2 ( times_2_696 ) 
  1 mc4_mw1_t31 ( times_3_910 ) 
     2 t2 ( times_2_695 ) 
  1 mc4_mw1_t32 ( times_3_909 ) 
     2 t2 ( times_2_694 ) 
  1 mc4_mw1_t33 ( times_3_908 ) 
     2 t2 ( times_2_693 ) 
  1 mc4_mw2_t30 ( times_3_907 ) 
     2 t2 ( times_2_688 ) 
  1 mc4_mw2_t31 ( times_3_906 ) 
     2 t2 ( times_2_687 ) 
  1 mc4_mw2_t32 ( times_3_905 ) 
     2 t2 ( times_2_686 ) 
  1 mc4_mw2_t33 ( times_3_904 ) 
     2 t2 ( times_2_685 ) 
  1 mc4_mw3_t30 ( times_3_903 ) 
     2 t2 ( times_2_680 ) 
  1 mc4_mw3_t31 ( times_3_902 ) 
     2 t2 ( times_2_679 ) 
  1 mc4_mw3_t32 ( times_3_901 ) 
     2 t2 ( times_2_678 ) 
  1 mc4_mw3_t33 ( times_3_900 ) 
     2 t2 ( times_2_677 ) 
  1 mc5_mw0_t30 ( times_3_899 ) 
     2 t2 ( times_2_672 ) 
  1 mc5_mw0_t31 ( times_3_898 ) 
     2 t2 ( times_2_671 ) 
  1 mc5_mw0_t32 ( times_3_897 ) 
     2 t2 ( times_2_670 ) 
  1 mc5_mw0_t33 ( times_3_896 ) 
     2 t2 ( times_2_669 ) 
  1 mc5_mw1_t30 ( times_3_895 ) 
     2 t2 ( times_2_664 ) 
  1 mc5_mw1_t31 ( times_3_894 ) 
     2 t2 ( times_2_663 ) 
  1 mc5_mw1_t32 ( times_3_893 ) 
     2 t2 ( times_2_662 ) 
  1 mc5_mw1_t33 ( times_3_892 ) 
     2 t2 ( times_2_661 ) 
  1 mc5_mw2_t30 ( times_3_891 ) 
     2 t2 ( times_2_656 ) 
  1 mc5_mw2_t31 ( times_3_890 ) 
     2 t2 ( times_2_655 ) 
  1 mc5_mw2_t32 ( times_3_889 ) 
     2 t2 ( times_2_654 ) 
  1 mc5_mw2_t33 ( times_3_888 ) 
     2 t2 ( times_2_653 ) 
  1 mc5_mw3_t30 ( times_3_887 ) 
     2 t2 ( times_2_648 ) 
  1 mc5_mw3_t31 ( times_3_886 ) 
     2 t2 ( times_2_647 ) 
  1 mc5_mw3_t32 ( times_3_885 ) 
     2 t2 ( times_2_646 ) 
  1 mc5_mw3_t33 ( times_3_884 ) 
     2 t2 ( times_2_645 ) 
  1 mc6_mw0_t30 ( times_3_883 ) 
     2 t2 ( times_2_640 ) 
  1 mc6_mw0_t31 ( times_3_882 ) 
     2 t2 ( times_2_639 ) 
  1 mc6_mw0_t32 ( times_3_881 ) 
     2 t2 ( times_2_638 ) 
  1 mc6_mw0_t33 ( times_3_880 ) 
     2 t2 ( times_2_637 ) 
  1 mc6_mw1_t30 ( times_3_879 ) 
     2 t2 ( times_2_632 ) 
  1 mc6_mw1_t31 ( times_3_878 ) 
     2 t2 ( times_2_631 ) 
  1 mc6_mw1_t32 ( times_3_877 ) 
     2 t2 ( times_2_630 ) 
  1 mc6_mw1_t33 ( times_3_876 ) 
     2 t2 ( times_2_629 ) 
  1 mc6_mw2_t30 ( times_3_875 ) 
     2 t2 ( times_2_624 ) 
  1 mc6_mw2_t31 ( times_3_874 ) 
     2 t2 ( times_2_623 ) 
  1 mc6_mw2_t32 ( times_3_873 ) 
     2 t2 ( times_2_622 ) 
  1 mc6_mw2_t33 ( times_3_872 ) 
     2 t2 ( times_2_621 ) 
  1 mc6_mw3_t30 ( times_3_871 ) 
     2 t2 ( times_2_616 ) 
  1 mc6_mw3_t31 ( times_3_870 ) 
     2 t2 ( times_2_615 ) 
  1 mc6_mw3_t32 ( times_3_869 ) 
     2 t2 ( times_2_614 ) 
  1 mc6_mw3_t33 ( times_3_868 ) 
     2 t2 ( times_2_613 ) 
  1 mc7_mw0_t30 ( times_3_867 ) 
     2 t2 ( times_2_608 ) 
  1 mc7_mw0_t31 ( times_3_866 ) 
     2 t2 ( times_2_607 ) 
  1 mc7_mw0_t32 ( times_3_865 ) 
     2 t2 ( times_2_606 ) 
  1 mc7_mw0_t33 ( times_3_864 ) 
     2 t2 ( times_2_605 ) 
  1 mc7_mw1_t30 ( times_3_863 ) 
     2 t2 ( times_2_600 ) 
  1 mc7_mw1_t31 ( times_3_862 ) 
     2 t2 ( times_2_599 ) 
  1 mc7_mw1_t32 ( times_3_861 ) 
     2 t2 ( times_2_598 ) 
  1 mc7_mw1_t33 ( times_3_860 ) 
     2 t2 ( times_2_597 ) 
  1 mc7_mw2_t30 ( times_3_859 ) 
     2 t2 ( times_2_592 ) 
  1 mc7_mw2_t31 ( times_3_858 ) 
     2 t2 ( times_2_591 ) 
  1 mc7_mw2_t32 ( times_3_857 ) 
     2 t2 ( times_2_590 ) 
  1 mc7_mw2_t33 ( times_3_856 ) 
     2 t2 ( times_2_589 ) 
  1 mc7_mw3_t30 ( times_3_855 ) 
     2 t2 ( times_2_584 ) 
  1 mc7_mw3_t31 ( times_3_854 ) 
     2 t2 ( times_2_583 ) 
  1 mc7_mw3_t32 ( times_3_853 ) 
     2 t2 ( times_2_582 ) 
  1 mc7_mw3_t33 ( times_3_852 ) 
     2 t2 ( times_2_581 ) 
  1 mc8_mw0_t30 ( times_3_851 ) 
     2 t2 ( times_2_576 ) 
  1 mc8_mw0_t31 ( times_3_850 ) 
     2 t2 ( times_2_575 ) 
  1 mc8_mw0_t32 ( times_3_849 ) 
     2 t2 ( times_2_574 ) 
  1 mc8_mw0_t33 ( times_3_848 ) 
     2 t2 ( times_2_573 ) 
  1 mc8_mw1_t30 ( times_3_847 ) 
     2 t2 ( times_2_568 ) 
  1 mc8_mw1_t31 ( times_3_846 ) 
     2 t2 ( times_2_567 ) 
  1 mc8_mw1_t32 ( times_3_845 ) 
     2 t2 ( times_2_566 ) 
  1 mc8_mw1_t33 ( times_3_844 ) 
     2 t2 ( times_2_565 ) 
  1 mc8_mw2_t30 ( times_3_843 ) 
     2 t2 ( times_2_560 ) 
  1 mc8_mw2_t31 ( times_3_842 ) 
     2 t2 ( times_2_559 ) 
  1 mc8_mw2_t32 ( times_3_841 ) 
     2 t2 ( times_2_558 ) 
  1 mc8_mw2_t33 ( times_3_840 ) 
     2 t2 ( times_2_557 ) 
  1 mc8_mw3_t30 ( times_3_839 ) 
     2 t2 ( times_2_552 ) 
  1 mc8_mw3_t31 ( times_3_838 ) 
     2 t2 ( times_2_551 ) 
  1 mc8_mw3_t32 ( times_3_837 ) 
     2 t2 ( times_2_550 ) 
  1 mc8_mw3_t33 ( times_3_836 ) 
     2 t2 ( times_2_549 ) 
  1 sb0_s0 ( sbox_1956 ) 
  1 sb0_s1 ( sbox_1955 ) 
  1 sb0_s2 ( sbox_1954 ) 
  1 sb0_s3 ( sbox_1953 ) 
  1 sb0_s4 ( sbox_1952 ) 
  1 sb0_s5 ( sbox_1951 ) 
  1 sb0_s6 ( sbox_1950 ) 
  1 sb0_s7 ( sbox_1949 ) 
  1 sb0_s8 ( sbox_1948 ) 
  1 sb0_s9 ( sbox_1947 ) 
  1 sb0_s10 ( sbox_1946 ) 
  1 sb0_s11 ( sbox_1945 ) 
  1 sb0_s12 ( sbox_1944 ) 
  1 sb0_s13 ( sbox_1943 ) 
  1 sb0_s14 ( sbox_1942 ) 
  1 sb0_s15 ( sbox_1941 ) 
  1 sb1_s0 ( sbox_1940 ) 
  1 sb1_s1 ( sbox_1939 ) 
  1 sb1_s2 ( sbox_1938 ) 
  1 sb1_s3 ( sbox_1937 ) 
  1 sb1_s4 ( sbox_1936 ) 
  1 sb1_s5 ( sbox_1935 ) 
  1 sb1_s6 ( sbox_1934 ) 
  1 sb1_s7 ( sbox_1933 ) 
  1 sb1_s8 ( sbox_1932 ) 
  1 sb1_s9 ( sbox_1931 ) 
  1 sb1_s10 ( sbox_1930 ) 
  1 sb1_s11 ( sbox_1929 ) 
  1 sb1_s12 ( sbox_1928 ) 
  1 sb1_s13 ( sbox_1927 ) 
  1 sb1_s14 ( sbox_1926 ) 
  1 sb1_s15 ( sbox_1925 ) 
  1 sb2_s0 ( sbox_1924 ) 
  1 sb2_s1 ( sbox_1923 ) 
  1 sb2_s2 ( sbox_1922 ) 
  1 sb2_s3 ( sbox_1921 ) 
  1 sb2_s4 ( sbox_1920 ) 
  1 sb2_s5 ( sbox_1919 ) 
  1 sb2_s6 ( sbox_1918 ) 
  1 sb2_s7 ( sbox_1917 ) 
  1 sb2_s8 ( sbox_1916 ) 
  1 sb2_s9 ( sbox_1915 ) 
  1 sb2_s10 ( sbox_1914 ) 
  1 sb2_s11 ( sbox_1913 ) 
  1 sb2_s12 ( sbox_1912 ) 
  1 sb2_s13 ( sbox_1911 ) 
  1 sb2_s14 ( sbox_1910 ) 
  1 sb2_s15 ( sbox_1909 ) 
  1 sb3_s0 ( sbox_1908 ) 
  1 sb3_s1 ( sbox_1907 ) 
  1 sb3_s2 ( sbox_1906 ) 
  1 sb3_s3 ( sbox_1905 ) 
  1 sb3_s4 ( sbox_1904 ) 
  1 sb3_s5 ( sbox_1903 ) 
  1 sb3_s6 ( sbox_1902 ) 
  1 sb3_s7 ( sbox_1901 ) 
  1 sb3_s8 ( sbox_1900 ) 
  1 sb3_s9 ( sbox_1899 ) 
  1 sb3_s10 ( sbox_1898 ) 
  1 sb3_s11 ( sbox_1897 ) 
  1 sb3_s12 ( sbox_1896 ) 
  1 sb3_s13 ( sbox_1895 ) 
  1 sb3_s14 ( sbox_1894 ) 
  1 sb3_s15 ( sbox_1893 ) 
  1 sb4_s0 ( sbox_1892 ) 
  1 sb4_s1 ( sbox_1891 ) 
  1 sb4_s2 ( sbox_1890 ) 
  1 sb4_s3 ( sbox_1889 ) 
  1 sb4_s4 ( sbox_1888 ) 
  1 sb4_s5 ( sbox_1887 ) 
  1 sb4_s6 ( sbox_1886 ) 
  1 sb4_s7 ( sbox_1885 ) 
  1 sb4_s8 ( sbox_1884 ) 
  1 sb4_s9 ( sbox_1883 ) 
  1 sb4_s10 ( sbox_1882 ) 
  1 sb4_s11 ( sbox_1881 ) 
  1 sb4_s12 ( sbox_1880 ) 
  1 sb4_s13 ( sbox_1879 ) 
  1 sb4_s14 ( sbox_1878 ) 
  1 sb4_s15 ( sbox_1877 ) 
  1 sb5_s0 ( sbox_1876 ) 
  1 sb5_s1 ( sbox_1875 ) 
  1 sb5_s2 ( sbox_1874 ) 
  1 sb5_s3 ( sbox_1873 ) 
  1 sb5_s4 ( sbox_1872 ) 
  1 sb5_s5 ( sbox_1871 ) 
  1 sb5_s6 ( sbox_1870 ) 
  1 sb5_s7 ( sbox_1869 ) 
  1 sb5_s8 ( sbox_1868 ) 
  1 sb5_s9 ( sbox_1867 ) 
  1 sb5_s10 ( sbox_1866 ) 
  1 sb5_s11 ( sbox_1865 ) 
  1 sb5_s12 ( sbox_1864 ) 
  1 sb5_s13 ( sbox_1863 ) 
  1 sb5_s14 ( sbox_1862 ) 
  1 sb5_s15 ( sbox_1861 ) 
  1 sb6_s0 ( sbox_1860 ) 
  1 sb6_s1 ( sbox_1859 ) 
  1 sb6_s2 ( sbox_1858 ) 
  1 sb6_s3 ( sbox_1857 ) 
  1 sb6_s4 ( sbox_1856 ) 
  1 sb6_s5 ( sbox_1855 ) 
  1 sb6_s6 ( sbox_1854 ) 
  1 sb6_s7 ( sbox_1853 ) 
  1 sb6_s8 ( sbox_1852 ) 
  1 sb6_s9 ( sbox_1851 ) 
  1 sb6_s10 ( sbox_1850 ) 
  1 sb6_s11 ( sbox_1849 ) 
  1 sb6_s12 ( sbox_1848 ) 
  1 sb6_s13 ( sbox_1847 ) 
  1 sb6_s14 ( sbox_1846 ) 
  1 sb6_s15 ( sbox_1845 ) 
  1 sb7_s0 ( sbox_1844 ) 
  1 sb7_s1 ( sbox_1843 ) 
  1 sb7_s2 ( sbox_1842 ) 
  1 sb7_s3 ( sbox_1841 ) 
  1 sb7_s4 ( sbox_1840 ) 
  1 sb7_s5 ( sbox_1839 ) 
  1 sb7_s6 ( sbox_1838 ) 
  1 sb7_s7 ( sbox_1837 ) 
  1 sb7_s8 ( sbox_1836 ) 
  1 sb7_s9 ( sbox_1835 ) 
  1 sb7_s10 ( sbox_1834 ) 
  1 sb7_s11 ( sbox_1833 ) 
  1 sb7_s12 ( sbox_1832 ) 
  1 sb7_s13 ( sbox_1831 ) 
  1 sb7_s14 ( sbox_1830 ) 
  1 sb7_s15 ( sbox_1829 ) 
  1 sb8_s0 ( sbox_1828 ) 
  1 sb8_s1 ( sbox_1827 ) 
  1 sb8_s2 ( sbox_1826 ) 
  1 sb8_s3 ( sbox_1825 ) 
  1 sb8_s4 ( sbox_1824 ) 
  1 sb8_s5 ( sbox_1823 ) 
  1 sb8_s6 ( sbox_1822 ) 
  1 sb8_s7 ( sbox_1821 ) 
  1 sb8_s8 ( sbox_1820 ) 
  1 sb8_s9 ( sbox_1819 ) 
  1 sb8_s10 ( sbox_1818 ) 
  1 sb8_s11 ( sbox_1817 ) 
  1 sb8_s12 ( sbox_1816 ) 
  1 sb8_s13 ( sbox_1815 ) 
  1 sb8_s14 ( sbox_1814 ) 
  1 sb8_s15 ( sbox_1813 ) 
  1 sb9_s0 ( sbox_1812 ) 
  1 sb9_s1 ( sbox_1811 ) 
  1 sb9_s2 ( sbox_1810 ) 
  1 sb9_s3 ( sbox_1809 ) 
  1 sb9_s4 ( sbox_1808 ) 
  1 sb9_s5 ( sbox_1807 ) 
  1 sb9_s6 ( sbox_1806 ) 
  1 sb9_s7 ( sbox_1805 ) 
  1 sb9_s8 ( sbox_1804 ) 
  1 sb9_s9 ( sbox_1803 ) 
  1 sb9_s10 ( sbox_1802 ) 
  1 sb9_s11 ( sbox_1801 ) 
  1 sb9_s12 ( sbox_1800 ) 
  1 sb9_s13 ( sbox_1799 ) 
  1 sb9_s14 ( sbox_1798 ) 
  1 sb9_s15 ( sbox_1797 ) 
