============================================================
  Generated by:           Genus(TM) Synthesis Solution 21.15-s080_1
  Generated on:           Sep 02 2025  02:25:15 pm
  Module:                 aes_128
  Operating conditions:   ss_typical_max_0p90v_125c 
  Interconnect mode:      global
  Area mode:              physical library
============================================================

Max_transition design rule (violation total = 2404)
Pin                               Slew           Max     Violation
--------------------------------------------------------------------
g32420/A                           654           350           304
  --> Other violations on net              914
g31937/A                           654           350           304
  --> Other violations on net              914
g31627/A                           654           350           304
  --> Other violations on net              914
g31565/Y                           654           350           304
  --> Other violations on net              914
g32108/B                           393           350            43
  --> Other violations on net              298
g31918/A                           393           350            43
  --> Other violations on net              298
g24388/Y                           393           350            43
  --> Other violations on net              298
ke_ks2_sw_s3/g4697/A               393           350            43
  --> Other violations on net              298
ke_ks2_sw_s3/g4704/B               393           350            43
  --> Other violations on net              298
ke_ks2_sw_s3/g4689/A               393           350            43
  --> Other violations on net              298
ke_ks2_sw_s3/g4713/B               393           350            43
  --> Other violations on net              298
ke_ks2_sw_s3/g4707/B               393           350            43
  --> Other violations on net              298
g32429/B                           393           350            43
  --> Other violations on net              129
g31930/A                           393           350            43
  --> Other violations on net              129
g31615/A                           393           350            43
  --> Other violations on net              129
g31572/Y                           393           350            43
  --> Other violations on net              129
ke_ks8_sw_s2/g4304/A1              358           350             8
  --> Other violations on net              131
ke_ks8_sw_s2/g4287/A1              358           350             8
  --> Other violations on net              131
ke_ks8_sw_s2/g4305/A1              358           350             8
  --> Other violations on net              131
ke_ks8_sw_s2/g4374/A1              358           350             8
  --> Other violations on net              131
ke_ks8_sw_s2/g4388/A1              358           350             8
  --> Other violations on net              131
ke_ks8_sw_s2/g4428/A1              358           350             8
  --> Other violations on net              131
ke_ks8_sw_s2/g4441/A0              358           350             8
  --> Other violations on net              131
ke_ks8_sw_s2/g4448/A1              358           350             8
  --> Other violations on net              131
ke_ks8_sw_s2/g4454/A1              358           350             8
  --> Other violations on net              131
ke_ks8_sw_s2/g4508/A               358           350             8
  --> Other violations on net              131
ke_ks8_sw_s2/g4509/B               358           350             8
  --> Other violations on net              131
ke_ks8_sw_s2/g4577/A               358           350             8
  --> Other violations on net              131
ke_ks8_sw_s2/g4578/A               358           350             8
  --> Other violations on net              131
ke_ks8_sw_s2/g4617/A               358           350             8
  --> Other violations on net              131
ke_ks8_sw_s2/g4619/B               358           350             8
  --> Other violations on net              131
ke_ks8_sw_s2/g4625/B               358           350             8
  --> Other violations on net              131
ke_ks8_sw_s2/g4648/Y               358           350             8
  --> Other violations on net              131
ke_ks5_sw_s1/g4304/A1              358           350             8
  --> Other violations on net              130
ke_ks5_sw_s1/g4287/A1              358           350             8
  --> Other violations on net              130
ke_ks5_sw_s1/g4305/A1              358           350             8
  --> Other violations on net              130
ke_ks5_sw_s1/g4374/A1              358           350             8
  --> Other violations on net              130
ke_ks5_sw_s1/g4388/A1              358           350             8
  --> Other violations on net              130
ke_ks5_sw_s1/g4428/A1              358           350             8
  --> Other violations on net              130
ke_ks5_sw_s1/g4441/A0              358           350             8
  --> Other violations on net              130
ke_ks5_sw_s1/g4448/A1              358           350             8
  --> Other violations on net              130
ke_ks5_sw_s1/g4454/A1              358           350             8
  --> Other violations on net              130
ke_ks5_sw_s1/g4508/A               358           350             8
  --> Other violations on net              130
ke_ks5_sw_s1/g4509/B               358           350             8
  --> Other violations on net              130
ke_ks5_sw_s1/g4577/A               358           350             8
  --> Other violations on net              130
ke_ks5_sw_s1/g4578/A               358           350             8
  --> Other violations on net              130
ke_ks5_sw_s1/g4617/A               358           350             8
  --> Other violations on net              130
ke_ks5_sw_s1/g4619/B               358           350             8
  --> Other violations on net              130
ke_ks5_sw_s1/g4625/B               358           350             8
  --> Other violations on net              130
ke_ks5_sw_s1/g4648/Y               358           350             8
  --> Other violations on net              130
ke_ks7_sw_s2/g4304/A1              356           350             6
  --> Other violations on net              96
ke_ks7_sw_s2/g4287/A1              356           350             6
  --> Other violations on net              96
ke_ks7_sw_s2/g4305/A1              356           350             6
  --> Other violations on net              96
ke_ks7_sw_s2/g4374/A1              356           350             6
  --> Other violations on net              96
ke_ks7_sw_s2/g4388/A1              356           350             6
  --> Other violations on net              96
ke_ks7_sw_s2/g4428/A1              356           350             6
  --> Other violations on net              96
ke_ks7_sw_s2/g4441/A0              356           350             6
  --> Other violations on net              96
ke_ks7_sw_s2/g4448/A1              356           350             6
  --> Other violations on net              96
ke_ks7_sw_s2/g4454/A1              356           350             6
  --> Other violations on net              96
ke_ks7_sw_s2/g4508/A               356           350             6
  --> Other violations on net              96
ke_ks7_sw_s2/g4509/B               356           350             6
  --> Other violations on net              96
ke_ks7_sw_s2/g4577/A               356           350             6
  --> Other violations on net              96
ke_ks7_sw_s2/g4578/A               356           350             6
  --> Other violations on net              96
ke_ks7_sw_s2/g4617/A               356           350             6
  --> Other violations on net              96
ke_ks7_sw_s2/g4619/B               356           350             6
  --> Other violations on net              96
ke_ks7_sw_s2/g4625/B               356           350             6
  --> Other violations on net              96
ke_ks7_sw_s2/g4648/Y               356           350             6
  --> Other violations on net              96
ke_ks6_sw_s3/g4304/A1              355           350             5
  --> Other violations on net              83
ke_ks6_sw_s3/g4287/A1              355           350             5
  --> Other violations on net              83
ke_ks6_sw_s3/g4305/A1              355           350             5
  --> Other violations on net              83
ke_ks6_sw_s3/g4374/A1              355           350             5
  --> Other violations on net              83
ke_ks6_sw_s3/g4388/A1              355           350             5
  --> Other violations on net              83
ke_ks6_sw_s3/g4428/A1              355           350             5
  --> Other violations on net              83
ke_ks6_sw_s3/g4441/A0              355           350             5
  --> Other violations on net              83
ke_ks6_sw_s3/g4448/A1              355           350             5
  --> Other violations on net              83
ke_ks6_sw_s3/g4454/A1              355           350             5
  --> Other violations on net              83
ke_ks6_sw_s3/g4508/A               355           350             5
  --> Other violations on net              83
ke_ks6_sw_s3/g4509/B               355           350             5
  --> Other violations on net              83
ke_ks6_sw_s3/g4577/A               355           350             5
  --> Other violations on net              83
ke_ks6_sw_s3/g4578/A               355           350             5
  --> Other violations on net              83
ke_ks6_sw_s3/g4617/A               355           350             5
  --> Other violations on net              83
ke_ks6_sw_s3/g4619/B               355           350             5
  --> Other violations on net              83
ke_ks6_sw_s3/g4625/B               355           350             5
  --> Other violations on net              83
ke_ks6_sw_s3/g4648/Y               355           350             5
  --> Other violations on net              83
ke_ks8_sw_s2/g4458/A1              354           350             4
  --> Other violations on net              70
ke_ks8_sw_s2/g4323/A0              354           350             4
  --> Other violations on net              70
ke_ks8_sw_s2/g4473/A               354           350             4
  --> Other violations on net              70
ke_ks8_sw_s2/g4476/A               354           350             4
  --> Other violations on net              70
ke_ks8_sw_s2/g4485/A               354           350             4
  --> Other violations on net              70
ke_ks8_sw_s2/g4490/B               354           350             4
  --> Other violations on net              70
ke_ks8_sw_s2/g4501/B               354           350             4
  --> Other violations on net              70
ke_ks8_sw_s2/g4502/B               354           350             4
  --> Other violations on net              70
ke_ks8_sw_s2/g4504/B               354           350             4
  --> Other violations on net              70
ke_ks8_sw_s2/g4530/B               354           350             4
  --> Other violations on net              70
ke_ks8_sw_s2/g4532/A               354           350             4
  --> Other violations on net              70
ke_ks8_sw_s2/g4534/A               354           350             4
  --> Other violations on net              70
ke_ks8_sw_s2/g4558/B               354           350             4
  --> Other violations on net              70
ke_ks8_sw_s2/g4569/A               354           350             4
  --> Other violations on net              70
ke_ks8_sw_s2/g4580/B               354           350             4
  --> Other violations on net              70
ke_ks8_sw_s2/g4591/B               354           350             4
  --> Other violations on net              70
ke_ks8_sw_s2/g4670/Y               354           350             4
  --> Other violations on net              70
ke_ks5_sw_s1/g4458/A1              354           350             4
  --> Other violations on net              69
ke_ks5_sw_s1/g4323/A0              354           350             4
  --> Other violations on net              69
ke_ks5_sw_s1/g4473/A               354           350             4
  --> Other violations on net              69
ke_ks5_sw_s1/g4476/A               354           350             4
  --> Other violations on net              69
ke_ks5_sw_s1/g4485/A               354           350             4
  --> Other violations on net              69
ke_ks5_sw_s1/g4490/B               354           350             4
  --> Other violations on net              69
ke_ks5_sw_s1/g4501/B               354           350             4
  --> Other violations on net              69
ke_ks5_sw_s1/g4502/B               354           350             4
  --> Other violations on net              69
ke_ks5_sw_s1/g4504/B               354           350             4
  --> Other violations on net              69
ke_ks5_sw_s1/g4530/B               354           350             4
  --> Other violations on net              69
ke_ks5_sw_s1/g4532/A               354           350             4
  --> Other violations on net              69
ke_ks5_sw_s1/g4534/A               354           350             4
  --> Other violations on net              69
ke_ks5_sw_s1/g4558/B               354           350             4
  --> Other violations on net              69
ke_ks5_sw_s1/g4569/A               354           350             4
  --> Other violations on net              69
ke_ks5_sw_s1/g4580/B               354           350             4
  --> Other violations on net              69
ke_ks5_sw_s1/g4591/B               354           350             4
  --> Other violations on net              69
ke_ks5_sw_s1/g4670/Y               354           350             4
  --> Other violations on net              69
ke_ks7_sw_s2/g4458/A1              352           350             2
  --> Other violations on net              34
ke_ks7_sw_s2/g4323/A0              352           350             2
  --> Other violations on net              34
ke_ks7_sw_s2/g4473/A               352           350             2
  --> Other violations on net              34
ke_ks7_sw_s2/g4476/A               352           350             2
  --> Other violations on net              34
ke_ks7_sw_s2/g4485/A               352           350             2
  --> Other violations on net              34
ke_ks7_sw_s2/g4490/B               352           350             2
  --> Other violations on net              34
ke_ks7_sw_s2/g4501/B               352           350             2
  --> Other violations on net              34
ke_ks7_sw_s2/g4502/B               352           350             2
  --> Other violations on net              34
ke_ks7_sw_s2/g4504/B               352           350             2
  --> Other violations on net              34
ke_ks7_sw_s2/g4530/B               352           350             2
  --> Other violations on net              34
ke_ks7_sw_s2/g4532/A               352           350             2
  --> Other violations on net              34
ke_ks7_sw_s2/g4534/A               352           350             2
  --> Other violations on net              34
ke_ks7_sw_s2/g4558/B               352           350             2
  --> Other violations on net              34
ke_ks7_sw_s2/g4569/A               352           350             2
  --> Other violations on net              34
ke_ks7_sw_s2/g4580/B               352           350             2
  --> Other violations on net              34
ke_ks7_sw_s2/g4591/B               352           350             2
  --> Other violations on net              34
ke_ks7_sw_s2/g4670/Y               352           350             2
  --> Other violations on net              34
ke_ks6_sw_s3/g4458/A1              351           350             1
  --> Other violations on net              21
ke_ks6_sw_s3/g4323/A0              351           350             1
  --> Other violations on net              21
ke_ks6_sw_s3/g4473/A               351           350             1
  --> Other violations on net              21
ke_ks6_sw_s3/g4476/A               351           350             1
  --> Other violations on net              21
ke_ks6_sw_s3/g4485/A               351           350             1
  --> Other violations on net              21
ke_ks6_sw_s3/g4490/B               351           350             1
  --> Other violations on net              21
ke_ks6_sw_s3/g4501/B               351           350             1
  --> Other violations on net              21
ke_ks6_sw_s3/g4502/B               351           350             1
  --> Other violations on net              21
ke_ks6_sw_s3/g4504/B               351           350             1
  --> Other violations on net              21
ke_ks6_sw_s3/g4530/B               351           350             1
  --> Other violations on net              21
ke_ks6_sw_s3/g4532/A               351           350             1
  --> Other violations on net              21
ke_ks6_sw_s3/g4534/A               351           350             1
  --> Other violations on net              21
ke_ks6_sw_s3/g4558/B               351           350             1
  --> Other violations on net              21
ke_ks6_sw_s3/g4569/A               351           350             1
  --> Other violations on net              21
ke_ks6_sw_s3/g4580/B               351           350             1
  --> Other violations on net              21
ke_ks6_sw_s3/g4591/B               351           350             1
  --> Other violations on net              21
ke_ks6_sw_s3/g4670/Y               351           350             1
  --> Other violations on net              21


Max_capacitance design rule: no violations.


Max_fanout design rule: no violations.



