============================================================
  Generated by:           Genus(TM) Synthesis Solution 21.15-s080_1
  Generated on:           Sep 02 2025  02:22:11 pm
  Module:                 aes_128
  Operating conditions:   ss_typical_max_0p90v_125c 
  Interconnect mode:      global
  Area mode:              physical library
============================================================


Path 1: MET (1620 ps) Late External Delay Assertion at pin out_bus[31]
          Group: in2out
     Startpoint: (R) key[64]
          Clock: (R) clk
       Endpoint: (F) out_bus[31]
          Clock: (R) clk

                        Capture       Launch     
           Path Delay:+  100000            -     
           Drv Adjust:+       0           29     
          Src Latency:+       0            0     
          Net Latency:+       0 (I)        0 (I) 
        Capture Clock:+       0                  
              Arrival:=  100000           29     
                                                 
         Output Delay:-   25000                  
          Uncertainty:-     125                  
        Required Time:=   74875                  
         Launch Clock:-      29                  
          Input Delay:-   25000                  
            Data Path:-   48226                  
                Slack:=    1620                  

Exceptions/Constraints:
  max_delay               100000           aes_128.sdc_line_18       
  input_delay             25000            aes_128.sdc_line_15_192_1 
  output_delay            25000            aes_128.sdc_line_17_351_1 

#-----------------------------------------------------------------------------------------
#     Timing Point       Flags    Arc   Edge       Cell        Fanout Trans Delay Arrival 
#                                                                      (ps)  (ps)   (ps)  
#-----------------------------------------------------------------------------------------
  key[64]                -       -      R     (arrival)             2    72     0   25029 
  g24364/Y               -       B->Y   R     XOR2_X4M_A9TL         4   272   168   25197 
  sb0_s8/g4730/Y         -       B->Y   F     NOR2_X6A_A9TL         3   113   129   25326 
  sb0_s8/g4701/Y         -       B->Y   R     NAND2_X4B_A9TL        2    70    79   25405 
  sb0_s8/g4677/Y         -       B->Y   F     NOR2_X4A_A9TL         7   135   108   25514 
  sb0_s8/g4663/Y         -       A->Y   R     INV_X11M_A9TL        10    65    71   25585 
  sb0_s8/g4481/Y         -       B->Y   F     NOR2_X1A_A9TL         2   117    96   25681 
  sb0_s8/g4391/Y         -       B->Y   R     NOR3_X2M_A9TL         1   150   144   25825 
  sb0_s8/g4327/Y         -       A->Y   R     AND3_X2M_A9TL         2    65   132   25957 
  sb0_s8/g4310/Y         -       C0->Y  F     OAI211_X1M_A9TL       2   201   141   26098 
  sb0_s8/g4286/Y         -       C->Y   R     NOR3_X2M_A9TL         2   186   201   26299 
  sb0_s8/g4280/Y         -       A->Y   F     NAND2XB_X1M_A9TL      1   103   101   26400 
  sb0_s8/g4278/Y         -       B0->Y  R     AOI211_X1M_A9TL       1   236   191   26591 
  sb0_s8/g4273/Y         -       A->Y   F     NAND4_X1M_A9TL        1   183   155   26746 
  sb0_s8/g4261/Y         -       F->Y   F     OR6_X0P7M_A9TL        1   124   265   27012 
  sb0_s8/g4241/Y         -       F->Y   F     OR6_X0P7M_A9TL        1   120   245   27256 
  sb0_s8/g4235/Y         -       B->Y   F     OR6_X0P7M_A9TL        1   120   219   27476 
  sb0_s8/g4229/Y         -       B->Y   F     OR6_X0P7M_A9TL        1   120   219   27695 
  sb0_s8/g4228/Y         -       C->Y   R     NOR3_X1M_A9TL         1   256   213   27909 
  sb0_s8/g4227/Y         -       A->Y   R     AND3_X2M_A9TL        11   288   289   28198 
  mc0_mw1_t33/t2/g66/Y   -       A->Y   R     XOR2_X2M_A9TL         1   184   153   28350 
  mc0_mw1_t33/g46/Y      -       A->Y   R     XOR2_X1M_A9TL         1   212   141   28491 
  g31424/Y               -       A->Y   F     XOR3_X0P5M_A9TL       1   149   289   28781 
  g31267/Y               -       A->Y   R     XOR3_X1M_A9TL         5   260   286   29066 
  sb1_s5/g4714/Y         -       A->Y   F     INV_X4M_A9TL          3    81    79   29146 
  sb1_s5/g4706/Y         -       B->Y   R     NAND2_X1B_A9TL        3   148   111   29257 
  sb1_s5/g4699/Y         -       A->Y   R     OR2_X1M_A9TL          9   349   296   29553 
  sb1_s5/g4621/Y         -       A->Y   F     NOR2_X1A_A9TL         2   154   170   29723 
  sb1_s5/g4404/Y         -       C0->Y  R     AOI211_X1M_A9TL       2   326   247   29970 
  sb1_s5/g4340/Y         -       A->Y   F     NAND2XB_X1M_A9TL      1   135   130   30101 
  sb1_s5/g4326/Y         -       B->Y   R     NOR2_X1B_A9TL         2   198   171   30272 
  sb1_s5/g4310/Y         -       C0->Y  F     OAI211_X1M_A9TL       2   187   168   30439 
  sb1_s5/g4286/Y         -       C->Y   R     NOR3_X1M_A9TL         2   316   271   30710 
  sb1_s5/g4280/Y         -       A->Y   F     NAND2XB_X1M_A9TL      1   133   129   30839 
  sb1_s5/g4278/Y         -       B0->Y  R     AOI211_X1M_A9TL       1   236   200   31040 
  sb1_s5/g4273/Y         -       A->Y   F     NAND4_X1M_A9TL        1   181   154   31193 
  sb1_s5/g4264/Y         -       D->Y   F     OR6_X0P7M_A9TL        1   120   233   31426 
  sb1_s5/g4259/Y         -       B->Y   F     OR6_X0P7M_A9TL        1   120   219   31645 
  sb1_s5/g4251/Y         -       B->Y   F     OR6_X0P7M_A9TL        1   120   220   31865 
  sb1_s5/g4239/Y         -       B->Y   F     OR6_X0P7M_A9TL        1   120   220   32084 
  sb1_s5/g4233/Y         -       B->Y   F     OR6_X0P7M_A9TL        1   119   220   32304 
  sb1_s5/g4227/Y         -       B->Y   F     OR6_X0P7M_A9TL        1   120   219   32523 
  sb1_s5/g4226/Y         -       C->Y   R     NOR3_X1M_A9TL         1   256   213   32737 
  sb1_s5/g4225/Y         -       A->Y   R     AND3_X2M_A9TL        11   282   285   33022 
  mc1_mw3_t32/t2/g66/Y   -       A->Y   R     XOR2_X0P7M_A9TL       1   284   206   33228 
  mc1_mw3_t32/g46/Y      -       A->Y   R     XOR2_X1M_A9TL         1   232   181   33408 
  g31544/Y               -       A->Y   R     XNOR2_X0P7M_A9TL      1   255   177   33585 
  g31933/Y               -       A->Y   F     XNOR3_X0P5M_A9TL      1   147   256   33841 
  g31844/Y               -       A->Y   R     XOR3_X1M_A9TL         3   201   251   34092 
  sb2_s14/g4714/Y        -       A->Y   F     INV_X4M_A9TL          3    67    68   34160 
  sb2_s14/g4706/Y        -       B->Y   R     NAND2_X1B_A9TL        3   148   106   34266 
  sb2_s14/g4699/Y        -       A->Y   R     OR2_X1M_A9TL          9   349   296   34562 
  sb2_s14/g4621/Y        -       A->Y   F     NOR2_X1A_A9TL         2   154   170   34732 
  sb2_s14/g4404/Y        -       C0->Y  R     AOI211_X1M_A9TL       2   326   247   34979 
  sb2_s14/g4340/Y        -       A->Y   F     NAND2XB_X1M_A9TL      1   135   130   35110 
  sb2_s14/g4326/Y        -       B->Y   R     NOR2_X1B_A9TL         2   198   171   35281 
  sb2_s14/g4310/Y        -       C0->Y  F     OAI211_X1M_A9TL       2   187   168   35448 
  sb2_s14/g4286/Y        -       C->Y   R     NOR3_X1M_A9TL         2   316   271   35719 
  sb2_s14/g4280/Y        -       A->Y   F     NAND2XB_X1M_A9TL      1   133   129   35848 
  sb2_s14/g4278/Y        -       B0->Y  R     AOI211_X1M_A9TL       1   236   200   36049 
  sb2_s14/g4273/Y        -       A->Y   F     NAND4_X1M_A9TL        1   181   154   36202 
  sb2_s14/g4264/Y        -       D->Y   F     OR6_X0P7M_A9TL        1   120   233   36435 
  sb2_s14/g4259/Y        -       B->Y   F     OR6_X0P7M_A9TL        1   120   219   36654 
  sb2_s14/g4251/Y        -       B->Y   F     OR6_X0P7M_A9TL        1   120   220   36874 
  sb2_s14/g4239/Y        -       B->Y   F     OR6_X0P7M_A9TL        1   120   220   37094 
  sb2_s14/g4233/Y        -       B->Y   F     OR6_X0P7M_A9TL        1   119   220   37313 
  sb2_s14/g4227/Y        -       B->Y   F     OR6_X0P7M_A9TL        1   120   219   37533 
  sb2_s14/g4226/Y        -       C->Y   R     NOR3_X1M_A9TL         1   256   213   37746 
  sb2_s14/g4225/Y        -       A->Y   R     AND3_X2M_A9TL        11   287   288   38034 
  mc2_mw0_t31/g88/Y      -       A->Y   R     XOR2_X1M_A9TL         1   219   175   38210 
  g32320/Y               -       B->Y   F     XNOR3_X0P5M_A9TL      1   147   396   38606 
  g32229/Y               -       A->Y   R     XNOR3_X1M_A9TL        5   207   269   38874 
  sb3_s3/g4713/Y         -       B->Y   R     OR2_X0P5M_A9TL        3   251   264   39138 
  sb3_s3/g4682/Y         -       B->Y   F     NOR2_X1B_A9TL         2   236   236   39375 
  sb3_s3/g4653/Y         -       B->Y   R     NAND2_X2A_A9TL       12   238   232   39607 
  sb3_s3/g4533/Y         -       B->Y   F     NOR2_X1A_A9TL         2   136   147   39754 
  sb3_s3/g4453/Y         -       B0N->Y F     OAI21B_X1M_A9TL       2   157   203   39956 
  sb3_s3/g4340/Y         -       BN->Y  F     NAND2XB_X1M_A9TL      1   135   174   40130 
  sb3_s3/g4326/Y         -       B->Y   R     NOR2_X1B_A9TL         2   199   171   40301 
  sb3_s3/g4310/Y         -       C0->Y  F     OAI211_X1M_A9TL       2   187   168   40469 
  sb3_s3/g4286/Y         -       C->Y   R     NOR3_X1M_A9TL         2   316   271   40740 
  sb3_s3/g4280/Y         -       A->Y   F     NAND2XB_X1M_A9TL      1   133   129   40869 
  sb3_s3/g4278/Y         -       B0->Y  R     AOI211_X1M_A9TL       1   236   200   41069 
  sb3_s3/g4273/Y         -       A->Y   F     NAND4_X1M_A9TL        1   181   154   41223 
  sb3_s3/g4264/Y         -       D->Y   F     OR6_X0P7M_A9TL        1   120   233   41456 
  sb3_s3/g4259/Y         -       B->Y   F     OR6_X0P7M_A9TL        1   120   219   41675 
  sb3_s3/g4251/Y         -       B->Y   F     OR6_X0P7M_A9TL        1   120   220   41894 
  sb3_s3/g4239/Y         -       B->Y   F     OR6_X0P7M_A9TL        1   120   220   42114 
  sb3_s3/g4233/Y         -       B->Y   F     OR6_X0P7M_A9TL        1   119   220   42334 
  sb3_s3/g4227/Y         -       B->Y   F     OR6_X0P7M_A9TL        1   120   219   42553 
  sb3_s3/g4226/Y         -       C->Y   R     NOR3_X1M_A9TL         1   256   214   42766 
  sb3_s3/g4225/Y         -       A->Y   R     AND3_X2M_A9TL        11   284   286   43053 
  mc3_mw0_t30/t2/g66/Y   -       A->Y   R     XOR2_X1M_A9TL         1   208   168   43221 
  mc3_mw0_t30/g46/Y      -       B->Y   R     XOR2_X1M_A9TL         1   217   182   43403 
  g32793/Y               -       B->Y   R     XOR3_X0P5M_A9TL       1   157   374   43776 
  g32654/Y               -       A->Y   F     XOR3_X1M_A9TL         8   243   326   44102 
  sb4_s0/g4711/Y         -       A->Y   R     NAND2_X1B_A9TL        3   160   170   44272 
  sb4_s0/g4734/Y         -       BN->Y  R     NAND2XB_X1M_A9TL      2   155   190   44462 
  sb4_s0/g4676/Y         -       B->Y   R     OR2_X0P5M_A9TL        4   329   290   44752 
  sb4_s0/g4529/Y         -       A->Y   F     NOR2_X1A_A9TL         2   151   168   44920 
  sb4_s0/g4453/Y         -       B0->Y  F     AO21_X1M_A9TL         2    85   191   45111 
  sb4_s0/g4368/Y         -       BN->Y  F     NAND2XB_X1M_A9TL      1   111   146   45257 
  sb4_s0/g4339/Y         -       B->Y   R     NOR2_X1B_A9TL         2   201   163   45420 
  sb4_s0/g4325/Y         -       B0->Y  F     OAI21_X1M_A9TL        2   151   148   45568 
  sb4_s0/g4284/Y         -       B->Y   R     NOR3_X1M_A9TL         2   316   254   45822 
  sb4_s0/g4278/Y         -       A->Y   F     NAND2XB_X1M_A9TL      1   133   129   45951 
  sb4_s0/g4276/Y         -       B0->Y  R     AOI211_X1M_A9TL       1   236   200   46151 
  sb4_s0/g4271/Y         -       A->Y   F     NAND4_X1M_A9TL        1   181   154   46305 
  sb4_s0/g4262/Y         -       D->Y   F     OR6_X0P7M_A9TL        1   120   233   46537 
  sb4_s0/g4257/Y         -       B->Y   F     OR6_X0P7M_A9TL        1   120   219   46757 
  sb4_s0/g4250/Y         -       B->Y   F     OR6_X0P7M_A9TL        1   120   220   46976 
  sb4_s0/g4239/Y         -       B->Y   F     OR6_X0P7M_A9TL        1   120   219   47196 
  sb4_s0/g4233/Y         -       B->Y   F     OR6_X0P7M_A9TL        1   119   220   47415 
  sb4_s0/g4227/Y         -       B->Y   F     OR6_X0P7M_A9TL        1   120   219   47634 
  sb4_s0/g4226/Y         -       C->Y   R     NOR3_X1M_A9TL         1   256   214   47848 
  sb4_s0/g4225/Y         -       A->Y   R     AND3_X2M_A9TL        11   276   282   48130 
  mc4_mw3_t33/t2/g66/Y   -       A->Y   R     XOR2_X1M_A9TL         1   209   167   48296 
  mc4_mw3_t33/g46/Y      -       B->Y   R     XOR2_X1M_A9TL         1   210   179   48475 
  g33193/Y               -       A->Y   F     XOR3_X0P5M_A9TL       1   149   288   48764 
  g33099/Y               -       A->Y   R     XOR3_X1M_A9TL         8   322   321   49085 
  sb5_s13/g4706/Y        -       AN->Y  R     NAND2B_X1M_A9TL       2   165   239   49324 
  sb5_s13/g4703/Y        -       A->Y   F     INV_X1M_A9TL          2   101   105   49429 
  sb5_s13/g4696/Y        -       B->Y   R     NAND2_X1B_A9TL        2   123   102   49532 
  sb5_s13/g4674/Y        -       B->Y   R     OR2_X1P4M_A9TL       11   287   260   49792 
  sb5_s13/g4661/Y        -       A->Y   F     INV_X2M_A9TL          6   129   139   49931 
  sb5_s13/g4443/Y        -       A0->Y  R     AOI21_X1M_A9TL        2   220   184   50115 
  sb5_s13/g4372/Y        -       A->Y   F     NAND2XB_X1M_A9TL      1   111   110   50225 
  sb5_s13/g4342/Y        -       B->Y   R     NOR2_X1B_A9TL         2   201   163   50388 
  sb5_s13/g4327/Y        -       B0->Y  F     OAI21_X1M_A9TL        2   151   148   50535 
  sb5_s13/g4286/Y        -       B->Y   R     NOR3_X1M_A9TL         2   316   254   50789 
  sb5_s13/g4280/Y        -       A->Y   F     NAND2XB_X1M_A9TL      1   133   129   50918 
  sb5_s13/g4278/Y        -       B0->Y  R     AOI211_X1M_A9TL       1   236   200   51118 
  sb5_s13/g4273/Y        -       A->Y   F     NAND4_X1M_A9TL        1   181   154   51272 
  sb5_s13/g4264/Y        -       D->Y   F     OR6_X0P7M_A9TL        1   120   233   51505 
  sb5_s13/g4259/Y        -       B->Y   F     OR6_X0P7M_A9TL        1   120   219   51724 
  sb5_s13/g4251/Y        -       B->Y   F     OR6_X0P7M_A9TL        1   120   220   51944 
  sb5_s13/g4239/Y        -       B->Y   F     OR6_X0P7M_A9TL        1   120   220   52163 
  sb5_s13/g4233/Y        -       B->Y   F     OR6_X0P7M_A9TL        1   119   220   52383 
  sb5_s13/g4227/Y        -       B->Y   F     OR6_X0P7M_A9TL        1   120   219   52602 
  sb5_s13/g4226/Y        -       C->Y   R     NOR3_X1M_A9TL         1   256   214   52816 
  sb5_s13/g4225/Y        -       A->Y   R     AND3_X2M_A9TL        11   267   277   53093 
  mc5_mw1_t32/t2/g66/Y   -       A->Y   R     XOR2_X0P7M_A9TL       1   276   197   53290 
  mc5_mw1_t32/g46/Y      -       A->Y   R     XOR2_X0P7M_A9TL       1   277   203   53492 
  g33779/Y               -       A->Y   F     XNOR2_X0P7M_A9TL      1   160   146   53638 
  g33728/Y               -       A->Y   R     XNOR3_X0P5M_A9TL      1   158   266   53905 
  g33622/Y               -       A->Y   F     XOR3_X1M_A9TL         8   251   331   54236 
  sb6_s6/g4709/Y         -       A->Y   R     NAND2_X1B_A9TL        3   161   173   54409 
  sb6_s6/g4724/Y         -       BN->Y  R     NAND2XB_X1M_A9TL      2   156   190   54599 
  sb6_s6/g4674/Y         -       B->Y   R     OR2_X0P5M_A9TL        4   329   290   54889 
  sb6_s6/g4528/Y         -       A->Y   F     NOR2_X1A_A9TL         2   151   168   55057 
  sb6_s6/g4451/Y         -       B0->Y  F     AO21_X1M_A9TL         2    83   190   55247 
  sb6_s6/g4357/Y         -       BN->Y  F     NAND2XB_X1M_A9TL      1   111   146   55393 
  sb6_s6/g4340/Y         -       B->Y   R     NOR2_X1B_A9TL         2   201   163   55556 
  sb6_s6/g4326/Y         -       B0->Y  F     OAI21_X1M_A9TL        2   149   147   55703 
  sb6_s6/g4284/Y         -       B->Y   R     NOR3_X1M_A9TL         2   316   253   55956 
  sb6_s6/g4278/Y         -       A->Y   F     NAND2XB_X1M_A9TL      1   133   129   56085 
  sb6_s6/g4276/Y         -       B0->Y  R     AOI211_X1M_A9TL       1   236   200   56285 
  sb6_s6/g4271/Y         -       A->Y   F     NAND4_X1M_A9TL        1   181   154   56439 
  sb6_s6/g4262/Y         -       D->Y   F     OR6_X0P7M_A9TL        1   120   233   56672 
  sb6_s6/g4258/Y         -       B->Y   F     OR6_X0P7M_A9TL        1   120   219   56891 
  sb6_s6/g4251/Y         -       B->Y   F     OR6_X0P7M_A9TL        1   120   220   57110 
  sb6_s6/g4239/Y         -       B->Y   F     OR6_X0P7M_A9TL        1   120   219   57330 
  sb6_s6/g4233/Y         -       B->Y   F     OR6_X0P7M_A9TL        1   119   220   57549 
  sb6_s6/g4227/Y         -       B->Y   F     OR6_X0P7M_A9TL        1   120   219   57769 
  sb6_s6/g4226/Y         -       C->Y   R     NOR3_X1M_A9TL         1   256   214   57982 
  sb6_s6/g4225/Y         -       A->Y   R     AND3_X2M_A9TL        11   289   290   58272 
  g34061/Y               -       B->Y   F     XNOR3_X0P5M_A9TL      1   142   413   58685 
  g33934/Y               -       A->Y   R     XNOR3_X0P5M_A9TL      1   137   247   58932 
  drc_bufs31457/Y        -       A->Y   R     BUFH_X0P7M_A9TL       5   253   220   59152 
  sb7_s10/g4704/Y        -       AN->Y  R     NAND2B_X1M_A9TL       3   210   245   59398 
  sb7_s10/g4682/Y        -       B->Y   R     OR2_X0P5M_A9TL        2   175   223   59621 
  sb7_s10/g4664/Y        -       AN->Y  R     NAND2B_X2M_A9TL      10   288   272   59893 
  sb7_s10/g4653/Y        -       A->Y   F     INV_X2M_A9TL          7   135   146   60039 
  sb7_s10/g4452/Y        -       A0->Y  F     AO21_X1M_A9TL         2    84   193   60232 
  sb7_s10/g4338/Y        -       BN->Y  F     NAND2XB_X1M_A9TL      1   135   146   60378 
  sb7_s10/g4325/Y        -       B->Y   R     NOR2_X1B_A9TL         2   201   171   60548 
  sb7_s10/g4308/Y        -       C0->Y  F     OAI211_X1M_A9TL       2   187   168   60717 
  sb7_s10/g4284/Y        -       C->Y   R     NOR3_X1M_A9TL         2   316   271   60988 
  sb7_s10/g4278/Y        -       A->Y   F     NAND2XB_X1M_A9TL      1   133   129   61117 
  sb7_s10/g4276/Y        -       B0->Y  R     AOI211_X1M_A9TL       1   236   200   61318 
  sb7_s10/g4271/Y        -       A->Y   F     NAND4_X1M_A9TL        1   181   154   61471 
  sb7_s10/g4262/Y        -       D->Y   F     OR6_X0P7M_A9TL        1   120   233   61704 
  sb7_s10/g4258/Y        -       B->Y   F     OR6_X0P7M_A9TL        1   120   219   61923 
  sb7_s10/g4251/Y        -       B->Y   F     OR6_X0P7M_A9TL        1   120   220   62143 
  sb7_s10/g4239/Y        -       B->Y   F     OR6_X0P7M_A9TL        1   120   219   62362 
  sb7_s10/g4233/Y        -       B->Y   F     OR6_X0P7M_A9TL        1   119   220   62582 
  sb7_s10/g4227/Y        -       B->Y   F     OR6_X0P7M_A9TL        1   120   219   62801 
  sb7_s10/g4226/Y        -       C->Y   R     NOR3_X1M_A9TL         1   256   214   63014 
  sb7_s10/g4225/Y        -       A->Y   R     AND3_X2M_A9TL        11   289   290   63304 
  g34610/Y               -       B->Y   F     XOR3_X0P5M_A9TL       1   143   418   63722 
  g34527/Y               -       A->Y   R     XOR3_X0P5M_A9TL       1   135   222   63945 
  sb8_s14/drc_bufs4716/Y -       A->Y   F     INV_X0P7M_A9TL        1    78    85   64030 
  sb8_s14/drc_bufs4714/Y -       A->Y   R     INV_X1M_A9TL          5   189   138   64169 
  sb8_s14/g4703/Y        -       B->Y   R     OR2_X0P5M_A9TL        3   231   247   64416 
  sb8_s14/g4681/Y        -       B->Y   F     NOR2_X1A_A9TL         2   147   162   64578 
  sb8_s14/g4663/Y        -       B->Y   R     NAND2_X1P4M_A9TL      8   334   250   64828 
  sb8_s14/g4653/Y        -       A->Y   F     INV_X2M_A9TL          9   161   172   65000 
  sb8_s14/g4452/Y        -       A0->Y  F     AO21_X1M_A9TL         2    84   202   65202 
  sb8_s14/g4342/Y        -       BN->Y  F     NAND2XB_X1M_A9TL      1   135   146   65348 
  sb8_s14/g4327/Y        -       B->Y   R     NOR2_X1B_A9TL         2   200   171   65519 
  sb8_s14/g4310/Y        -       C0->Y  F     OAI211_X1M_A9TL       2   187   168   65687 
  sb8_s14/g4286/Y        -       C->Y   R     NOR3_X1M_A9TL         2   316   271   65958 
  sb8_s14/g4280/Y        -       A->Y   F     NAND2XB_X1M_A9TL      1   133   129   66087 
  sb8_s14/g4278/Y        -       B0->Y  R     AOI211_X1M_A9TL       1   236   200   66287 
  sb8_s14/g4273/Y        -       A->Y   F     NAND4_X1M_A9TL        1   181   154   66441 
  sb8_s14/g4264/Y        -       D->Y   F     OR6_X0P7M_A9TL        1   120   233   66673 
  sb8_s14/g4260/Y        -       B->Y   F     OR6_X0P7M_A9TL        1   120   219   66893 
  sb8_s14/g4252/Y        -       B->Y   F     OR6_X0P7M_A9TL        1   119   220   67112 
  sb8_s14/g4239/Y        -       B->Y   F     OR6_X0P7M_A9TL        1   120   219   67332 
  sb8_s14/g4233/Y        -       B->Y   F     OR6_X0P7M_A9TL        1   119   220   67551 
  sb8_s14/g4227/Y        -       B->Y   F     OR6_X0P7M_A9TL        1   120   219   67771 
  sb8_s14/g4226/Y        -       C->Y   R     NOR3_X1M_A9TL         1   256   214   67984 
  sb8_s14/g4225/Y        -       A->Y   R     AND3_X2M_A9TL        11   289   290   68274 
  mc8_mw0_t31/g88/Y      -       A->Y   R     XOR2_X0P7M_A9TL       1   260   197   68471 
  g34862/Y               -       B->Y   F     XNOR3_X0P5M_A9TL      1   147   409   68880 
  g34855/Y               -       A->Y   R     XNOR3_X1M_A9TL        5   209   270   69150 
  sb9_s3/g4707/Y         -       AN->Y  R     NAND2B_X1M_A9TL       3   225   240   69390 
  sb9_s3/g4685/Y         -       B->Y   F     NOR2_X1A_A9TL         2   160   173   69564 
  sb9_s3/g4646/Y         -       B->Y   R     NAND2_X2A_A9TL       14   270   219   69783 
  sb9_s3/g4633/Y         -       A->Y   F     INV_X2M_A9TL          3   102   110   69893 
  sb9_s3/g4449/Y         -       A1->Y  R     AOI21_X1M_A9TL        2   222   185   70078 
  sb9_s3/g4374/Y         -       B0->Y  F     OAI21_X1M_A9TL        2   156   156   70234 
  sb9_s3/g4330/Y         -       C0->Y  R     AOI211_X1M_A9TL       2   326   248   70482 
  sb9_s3/g4305/Y         -       C0->Y  F     OAI211_X1M_A9TL       2   204   197   70679 
  sb9_s3/g4283/Y         -       AN->Y  F     NAND3B_X1M_A9TL       2   189   246   70925 
  sb9_s3/g4275/Y         -       B0->Y  F     AO21_X1M_A9TL         1    66   190   71114 
  sb9_s3/g4268/Y         -       D->Y   F     OR6_X0P7M_A9TL        1   122   199   71313 
  sb9_s3/g4259/Y         -       D->Y   F     OR6_X0P7M_A9TL        1   120   214   71528 
  sb9_s3/g4255/Y         -       B->Y   F     OR6_X0P7M_A9TL        1   120   220   71747 
  sb9_s3/g4248/Y         -       B->Y   F     OR6_X0P7M_A9TL        1   120   220   71967 
  sb9_s3/g4239/Y         -       B->Y   F     OR6_X0P7M_A9TL        1   120   220   72186 
  sb9_s3/g4233/Y         -       B->Y   F     OR6_X0P7M_A9TL        1   120   220   72406 
  sb9_s3/g4227/Y         -       B->Y   F     OR6_X0P7M_A9TL        1   120   220   72625 
  sb9_s3/g4226/Y         -       B->Y   F     OR6_X0P7M_A9TL        1   118   218   72843 
  sb9_s3/g4225/Y         -       A->Y   R     NOR3_X1M_A9TL         1   275   203   73047 
  g25417/Y               -       A->Y   F     XNOR3_X1P4M_A9TL      1    93   209   73255 
  out_bus[31]            -       -      F     (port)                -     -     0   73255 
#-----------------------------------------------------------------------------------------

