============================================================
  Generated by:           Genus(TM) Synthesis Solution 21.15-s080_1
  Generated on:           Sep 04 2025  08:19:06 am
  Module:                 aes_128
  Operating conditions:   ss_typical_max_0p90v_125c 
  Interconnect mode:      global
  Area mode:              physical library
============================================================


Path 1: VIOLATED (-6082 ps) Late External Delay Assertion at pin out_bus[0]
          Group: in2out
     Startpoint: (R) key[16]
          Clock: (R) clk
       Endpoint: (R) out_bus[0]
          Clock: (R) clk

                        Capture       Launch     
           Path Delay:+   40000            -     
           Drv Adjust:+       0           76     
          Src Latency:+       0            0     
          Net Latency:+       0 (I)        0 (I) 
        Capture Clock:+       0                  
              Arrival:=   40000           76     
                                                 
         Output Delay:-   10000                  
          Uncertainty:-     125                  
        Required Time:=   29875                  
         Launch Clock:-      76                  
          Input Delay:-   10000                  
            Data Path:-   25881                  
                Slack:=   -6082                  

Exceptions/Constraints:
  max_delay               40000            aes_128.sdc_line_18       
  input_delay             10000            aes_128.sdc_line_15_240_1 
  output_delay            10000            aes_128.sdc_line_17_382_1 

#----------------------------------------------------------------------------------------------------
#          Timing Point           Flags     Arc     Edge      Cell        Fanout Trans Delay Arrival 
#                                                                                 (ps)  (ps)   (ps)  
#----------------------------------------------------------------------------------------------------
  key[16]                         (u)     -         R     (arrival)           11   148     0   10076 
  g1/g17/z                        (u)     in_1->z   R     unmapped_xor2        9     0   171   10247 
  sb0/s2/ctl_in_bus_34_22/g776/z  (u)     in_0->z   F     unmapped_not         8     0    99   10346 
  sb0/s2/ctl_in_bus_34_22/g44/z   (u)     in_3->z   R     unmapped_nand4      16     0   192   10538 
  sb0/s2/ctl_in_bus_34_22/g765/z  (u)     in_0->z   F     unmapped_nor2        8     0   115   10653 
  sb0/s2/mux_out_bus_34_22/g1/z   (u)     sel254->z F     unmapped_mux512      9     0  1507   12160 
  mc0/mw1/t21/g12/z               (u)     in_0->z   R     unmapped_not         9     0   103   12263 
  mc0/mw1/t21/mux_8_30/g9/z       (u)     sel0->z   R     unmapped_bmux3       1     0   104   12367 
  mc0/mw1/g4/g1/z                 (u)     in_1->z   R     unmapped_xor2        1     0   104   12472 
  mc0/mw1/g5/g1/z                 (u)     in_0->z   R     unmapped_xor2        1     0   104   12576 
  mc0/mw1/g6/g1/z                 (u)     in_0->z   R     unmapped_xor2        1     0   104   12681 
  g2/g49/z                        (u)     in_0->z   R     unmapped_xor2        9     0   171   12852 
  sb1/s6/ctl_in_bus_34_22/g776/z  (u)     in_0->z   F     unmapped_not         8     0    99   12951 
  sb1/s6/ctl_in_bus_34_22/g44/z   (u)     in_3->z   R     unmapped_nand4      16     0   192   13143 
  sb1/s6/ctl_in_bus_34_22/g765/z  (u)     in_0->z   F     unmapped_nor2        8     0   115   13258 
  sb1/s6/mux_out_bus_34_22/g1/z   (u)     sel254->z F     unmapped_mux512      9     0  1507   14765 
  mc1/mw2/t21/g12/z               (u)     in_0->z   R     unmapped_not         9     0   103   14868 
  mc1/mw2/t21/mux_8_30/g9/z       (u)     sel0->z   R     unmapped_bmux3       1     0   104   14972 
  mc1/mw2/g4/g1/z                 (u)     in_1->z   R     unmapped_xor2        1     0   104   15077 
  mc1/mw2/g5/g1/z                 (u)     in_0->z   R     unmapped_xor2        1     0   104   15181 
  mc1/mw2/g6/g1/z                 (u)     in_0->z   R     unmapped_xor2        1     0   104   15286 
  g3/g81/z                        (u)     in_0->z   R     unmapped_xor2        9     0   171   15457 
  sb2/s10/ctl_in_bus_34_22/g776/z (u)     in_0->z   F     unmapped_not         8     0    99   15556 
  sb2/s10/ctl_in_bus_34_22/g44/z  (u)     in_3->z   R     unmapped_nand4      16     0   192   15748 
  sb2/s10/ctl_in_bus_34_22/g765/z (u)     in_0->z   F     unmapped_nor2        8     0   115   15863 
  sb2/s10/mux_out_bus_34_22/g1/z  (u)     sel254->z F     unmapped_mux512      9     0  1507   17370 
  mc2/mw3/t31/t2/g12/z            (u)     in_0->z   R     unmapped_not         9     0   103   17473 
  mc2/mw3/t31/t2/mux_8_30/g9/z    (u)     sel0->z   R     unmapped_bmux3       1     0   104   17577 
  mc2/mw3/t31/g1/z                (u)     in_0->z   R     unmapped_xor2        1     0   104   17682 
  mc2/mw3/g1/g1/z                 (u)     in_1->z   R     unmapped_xor2        1     0   104   17786 
  mc2/mw3/g2/g1/z                 (u)     in_0->z   R     unmapped_xor2        1     0   104   17891 
  mc2/mw3/g3/g1/z                 (u)     in_0->z   R     unmapped_xor2        1     0   104   17995 
  g4/g121/z                       (u)     in_0->z   R     unmapped_xor2        9     0   171   18167 
  sb3/s15/ctl_in_bus_34_22/g776/z (u)     in_0->z   F     unmapped_not         8     0    99   18266 
  sb3/s15/ctl_in_bus_34_22/g44/z  (u)     in_3->z   R     unmapped_nand4      16     0   192   18458 
  sb3/s15/ctl_in_bus_34_22/g765/z (u)     in_0->z   F     unmapped_nor2        8     0   115   18573 
  sb3/s15/mux_out_bus_34_22/g1/z  (u)     sel254->z F     unmapped_mux512      9     0  1507   20080 
  mc3/mw3/t20/g12/z               (u)     in_0->z   R     unmapped_not         9     0   103   20182 
  mc3/mw3/t20/mux_8_30/g9/z       (u)     sel0->z   R     unmapped_bmux3       1     0   104   20287 
  mc3/mw3/g1/g1/z                 (u)     in_0->z   R     unmapped_xor2        1     0   104   20392 
  mc3/mw3/g2/g1/z                 (u)     in_0->z   R     unmapped_xor2        1     0   104   20496 
  mc3/mw3/g3/g1/z                 (u)     in_0->z   R     unmapped_xor2        1     0   104   20600 
  g5/g121/z                       (u)     in_0->z   R     unmapped_xor2        9     0   171   20772 
  sb4/s15/ctl_in_bus_34_22/g776/z (u)     in_0->z   F     unmapped_not         8     0    99   20871 
  sb4/s15/ctl_in_bus_34_22/g44/z  (u)     in_3->z   R     unmapped_nand4      16     0   192   21063 
  sb4/s15/ctl_in_bus_34_22/g765/z (u)     in_0->z   F     unmapped_nor2        8     0   115   21178 
  sb4/s15/mux_out_bus_34_22/g1/z  (u)     sel254->z F     unmapped_mux512      9     0  1507   22685 
  mc4/mw3/t30/t2/g12/z            (u)     in_0->z   R     unmapped_not         9     0   103   22788 
  mc4/mw3/t30/t2/mux_8_30/g9/z    (u)     sel0->z   R     unmapped_bmux3       1     0   104   22892 
  mc4/mw3/t30/g1/z                (u)     in_0->z   R     unmapped_xor2        1     0   104   22997 
  mc4/mw3/g10/g1/z                (u)     in_0->z   R     unmapped_xor2        1     0   104   23101 
  mc4/mw3/g11/g1/z                (u)     in_0->z   R     unmapped_xor2        1     0   104   23206 
  mc4/mw3/g12/g1/z                (u)     in_0->z   R     unmapped_xor2        1     0   104   23310 
  g6/g97/z                        (u)     in_0->z   R     unmapped_xor2        9     0   171   23482 
  sb5/s12/ctl_in_bus_34_22/g776/z (u)     in_0->z   F     unmapped_not         8     0    99   23580 
  sb5/s12/ctl_in_bus_34_22/g44/z  (u)     in_3->z   R     unmapped_nand4      16     0   192   23772 
  sb5/s12/ctl_in_bus_34_22/g765/z (u)     in_0->z   F     unmapped_nor2        8     0   115   23888 
  sb5/s12/mux_out_bus_34_22/g1/z  (u)     sel254->z F     unmapped_mux512      9     0  1507   25394 
  mc5/mw2/t33/t2/g12/z            (u)     in_0->z   R     unmapped_not         9     0   103   25497 
  mc5/mw2/t33/t2/mux_8_30/g9/z    (u)     sel0->z   R     unmapped_bmux3       1     0   104   25602 
  mc5/mw2/t33/g1/z                (u)     in_0->z   R     unmapped_xor2        1     0   104   25706 
  mc5/mw2/g9/g1/z                 (u)     in_1->z   R     unmapped_xor2        1     0   104   25811 
  g7/g73/z                        (u)     in_0->z   R     unmapped_xor2        9     0   171   25982 
  sb6/s9/ctl_in_bus_34_22/g776/z  (u)     in_0->z   F     unmapped_not         8     0    99   26081 
  sb6/s9/ctl_in_bus_34_22/g44/z   (u)     in_3->z   R     unmapped_nand4      16     0   192   26273 
  sb6/s9/ctl_in_bus_34_22/g765/z  (u)     in_0->z   F     unmapped_nor2        8     0   115   26388 
  sb6/s9/mux_out_bus_34_22/g1/z   (u)     sel254->z F     unmapped_mux512      9     0  1507   27895 
  mc6/mw0/t32/t2/g12/z            (u)     in_0->z   R     unmapped_not         9     0   103   27998 
  mc6/mw0/t32/t2/mux_8_30/g9/z    (u)     sel0->z   R     unmapped_bmux3       1     0   104   28102 
  mc6/mw0/t32/g1/z                (u)     in_0->z   R     unmapped_xor2        1     0   104   28207 
  mc6/mw0/g5/g1/z                 (u)     in_1->z   R     unmapped_xor2        1     0   104   28311 
  mc6/mw0/g6/g1/z                 (u)     in_0->z   R     unmapped_xor2        1     0   104   28416 
  g8/g17/z                        (u)     in_0->z   R     unmapped_xor2        9     0   171   28587 
  sb7/s2/ctl_in_bus_34_22/g776/z  (u)     in_0->z   F     unmapped_not         8     0    99   28686 
  sb7/s2/ctl_in_bus_34_22/g44/z   (u)     in_3->z   R     unmapped_nand4      16     0   192   28878 
  sb7/s2/ctl_in_bus_34_22/g765/z  (u)     in_0->z   F     unmapped_nor2        8     0   115   28993 
  sb7/s2/mux_out_bus_34_22/g1/z   (u)     sel254->z F     unmapped_mux512      9     0  1507   30500 
  mc7/mw1/t31/t2/g12/z            (u)     in_0->z   R     unmapped_not         9     0   103   30603 
  mc7/mw1/t31/t2/mux_8_30/g9/z    (u)     sel0->z   R     unmapped_bmux3       1     0   104   30707 
  mc7/mw1/t31/g1/z                (u)     in_0->z   R     unmapped_xor2        1     0   104   30812 
  mc7/mw1/g1/g1/z                 (u)     in_1->z   R     unmapped_xor2        1     0   104   30916 
  mc7/mw1/g2/g1/z                 (u)     in_0->z   R     unmapped_xor2        1     0   104   31021 
  mc7/mw1/g3/g1/z                 (u)     in_0->z   R     unmapped_xor2        1     0   104   31125 
  g9/g57/z                        (u)     in_0->z   R     unmapped_xor2        9     0   171   31297 
  sb8/s7/ctl_in_bus_34_22/g776/z  (u)     in_0->z   F     unmapped_not         8     0    99   31396 
  sb8/s7/ctl_in_bus_34_22/g44/z   (u)     in_3->z   R     unmapped_nand4      16     0   192   31588 
  sb8/s7/ctl_in_bus_34_22/g765/z  (u)     in_0->z   F     unmapped_nor2        8     0   115   31703 
  sb8/s7/mux_out_bus_34_22/g1/z   (u)     sel254->z F     unmapped_mux512      9     0  1507   33210 
  mc8/mw1/t30/t2/g12/z            (u)     in_0->z   R     unmapped_not         9     0   103   33312 
  mc8/mw1/t30/t2/mux_8_30/g9/z    (u)     sel0->z   R     unmapped_bmux3       1     0   104   33417 
  mc8/mw1/t30/g1/z                (u)     in_0->z   R     unmapped_xor2        1     0   104   33522 
  mc8/mw1/g10/g1/z                (u)     in_0->z   R     unmapped_xor2        1     0   104   33626 
  mc8/mw1/g11/g1/z                (u)     in_0->z   R     unmapped_xor2        1     0   104   33730 
  mc8/mw1/g12/g1/z                (u)     in_0->z   R     unmapped_xor2        1     0   104   33835 
  g10/g33/z                       (u)     in_0->z   F     unmapped_xor2        9     0   171   34006 
  sb9/s4/ctl_in_bus_34_22/g776/z  (u)     in_0->z   R     unmapped_not         8     0    99   34105 
  sb9/s4/ctl_in_bus_34_22/g44/z   (u)     in_3->z   F     unmapped_nand4      16     0   192   34297 
  sb9/s4/ctl_in_bus_34_22/g765/z  (u)     in_0->z   R     unmapped_nor2        8     0   115   34413 
  sb9/s4/mux_out_bus_34_22/g8/z   (u)     sel254->z R     unmapped_mux512      1     0  1440   35852 
  g11/g1/z                        (u)     in_0->z   R     unmapped_xor2        1     0   104   35957 
  out_bus[0]                      -       -         R     (port)               -     -     0   35957 
#----------------------------------------------------------------------------------------------------

(u) : Net has unmapped pin(s).

